DB2 - DB2 192.192.192.2 - PROD
#define

11:31:30.62   CurrentProcessId: 11044
 
new DB2(DB2, 192.192.192.2, , )

11:31:30.78   CurrentProcessId: 11044	JobName:085889/QUSER/QZDASOINIT     
 
SELECT  B.FNMODEIDM,  B.FIAPIDMARC ,B.FSAPDESCRI NOMBREMODELO, B.FIAPANIO,C.FNVERSIDV, C.FDAPPRECIO, C.FDAPPRECIL, C.FSAPDESCRI NOMBREVERSION, D.FSAPTRANSM,E.FSAPATRIB1,E.FSAPATRIB2,E.FSAPATRIB3,E.FSAPATRIB4,E.FSAPATRIB5, E.FSAPATRIB6,E.FSAPRUTVID,E.FSAPRUT360, E.FSAPRUTFTE, F.FSAPRUTMIN, F.FSAPRUTVEH, F.FSAPDESCRI NOMBRECOLOR, F.FIDAPCOLOR  FROM PRODAPPS.APCAPMAR A
                        
                        INNER JOIN PRODAPPS.APCMODEL B
                        ON A.FIAPIDMARC = B.FIAPIDMARC
                        AND B.FIAPSTATUS = 1

                        INNER JOIN PRODAPPS.APCVERSI C
                        ON B.FNMODEIDM = C.FNMODEIDM
                        AND B.FIAPIDMARC = C.FIAPIDMARC
                        AND B.FIAPANIO = C.FIAPANIO
                        AND C.FIAPSTATUS = 1

                        INNER JOIN PRODAPPS.APCTRANS D
                        ON C.FNVERSIDV =  D.FNVERSIDV
                        AND D.FIAPSTATUS = 1

                        INNER JOIN PRODAPPS.APDDETVE E
                        ON D.FNVERSIDV = E.FNVERSIDV
                        AND E.FIAPSTATUS = 1

                        INNER JOIN PRODAPPS.APCCOLOR F
                        ON E.FNVERSIDV = F.FNVERSIDV
                        AND F.FIAPSTATUS= 1

                        WHERE B.FIAPIDMARC= 42 ORDER BY  CASE B.FNMODEIDM
                                             WHEN '186' THEN 1
                                             WHEN '1529' THEN 2
                                             WHEN '1481' THEN 3
                                             WHEN '133' THEN 4
                                             WHEN '3' THEN 5
                                             WHEN '543' THEN 6
                                             WHEN '1498' THEN 7
                                             WHEN '1602' THEN 8
                                             WHEN '1257' THEN 9
                                             WHEN '1350' THEN 10
                                             WHEN '7' THEN 11
                                             END, C.FDAPPRECIO ASC

11:53:53.80   CurrentProcessId: 11044
 
new DB2(DB2, 192.192.192.2, , )

11:53:54.03   CurrentProcessId: 11044	JobName:085122/QUSER/QZDASOINIT     
 
SELECT  B.FNMODEIDM,  B.FIAPIDMARC ,B.FSAPDESCRI NOMBREMODELO, B.FIAPANIO,C.FNVERSIDV, C.FDAPPRECIO, C.FDAPPRECIL, C.FSAPDESCRI NOMBREVERSION, D.FSAPTRANSM,E.FSAPATRIB1,E.FSAPATRIB2,E.FSAPATRIB3,E.FSAPATRIB4,E.FSAPATRIB5, E.FSAPATRIB6,E.FSAPRUTVID,E.FSAPRUT360, E.FSAPRUTFTE, F.FSAPRUTMIN, F.FSAPRUTVEH, F.FSAPDESCRI NOMBRECOLOR, F.FIDAPCOLOR  FROM PRODAPPS.APCAPMAR A
                        
                        INNER JOIN PRODAPPS.APCMODEL B
                        ON A.FIAPIDMARC = B.FIAPIDMARC
                        AND B.FIAPSTATUS = 1

                        INNER JOIN PRODAPPS.APCVERSI C
                        ON B.FNMODEIDM = C.FNMODEIDM
                        AND B.FIAPIDMARC = C.FIAPIDMARC
                        AND B.FIAPANIO = C.FIAPANIO
                        AND C.FIAPSTATUS = 1

                        INNER JOIN PRODAPPS.APCTRANS D
                        ON C.FNVERSIDV =  D.FNVERSIDV
                        AND D.FIAPSTATUS = 1

                        INNER JOIN PRODAPPS.APDDETVE E
                        ON D.FNVERSIDV = E.FNVERSIDV
                        AND E.FIAPSTATUS = 1

                        INNER JOIN PRODAPPS.APCCOLOR F
                        ON E.FNVERSIDV = F.FNVERSIDV
                        AND F.FIAPSTATUS= 1

                        WHERE B.FIAPIDMARC= 39 ORDER BY B.FNMODEIDM ASC, C.FDAPPRECIO ASC

11:54:19.54   CurrentProcessId: 11044
 
new DB2(DB2, 192.192.192.2, , )

11:54:19.74   CurrentProcessId: 11044	JobName:083197/QUSER/QZDASOINIT     
 
SELECT  B.FNMODEIDM,  B.FIAPIDMARC ,B.FSAPDESCRI NOMBREMODELO, B.FIAPANIO,C.FNVERSIDV, C.FDAPPRECIO, C.FDAPPRECIL, C.FSAPDESCRI NOMBREVERSION, D.FSAPTRANSM,E.FSAPATRIB1,E.FSAPATRIB2,E.FSAPATRIB3,E.FSAPATRIB4,E.FSAPATRIB5, E.FSAPATRIB6,E.FSAPRUTVID,E.FSAPRUT360, E.FSAPRUTFTE, F.FSAPRUTMIN, F.FSAPRUTVEH, F.FSAPDESCRI NOMBRECOLOR, F.FIDAPCOLOR  FROM PRODAPPS.APCAPMAR A
                        
                        INNER JOIN PRODAPPS.APCMODEL B
                        ON A.FIAPIDMARC = B.FIAPIDMARC
                        AND B.FIAPSTATUS = 1

                        INNER JOIN PRODAPPS.APCVERSI C
                        ON B.FNMODEIDM = C.FNMODEIDM
                        AND B.FIAPIDMARC = C.FIAPIDMARC
                        AND B.FIAPANIO = C.FIAPANIO
                        AND C.FIAPSTATUS = 1

                        INNER JOIN PRODAPPS.APCTRANS D
                        ON C.FNVERSIDV =  D.FNVERSIDV
                        AND D.FIAPSTATUS = 1

                        INNER JOIN PRODAPPS.APDDETVE E
                        ON D.FNVERSIDV = E.FNVERSIDV
                        AND E.FIAPSTATUS = 1

                        INNER JOIN PRODAPPS.APCCOLOR F
                        ON E.FNVERSIDV = F.FNVERSIDV
                        AND F.FIAPSTATUS= 1

                        WHERE B.FIAPIDMARC= 41  ORDER BY  CASE B.FNMODEIDM
                                             WHEN '131' THEN 1
                                             WHEN '1344' THEN 2
                                             WHEN '141' THEN 3
                                             WHEN '2' THEN 4
                                             WHEN '1236' THEN 5
                                             WHEN '1454' THEN 6
                                             END, C.FDAPPRECIO ASC

11:54:20.08   CurrentProcessId: 11044	JobName:083590/QUSER/QZDASOINIT     
 
SELECT  FNVERSIDV VERSION, FNMODEIDM IDMODELO, FIAPIDMARC MARCA FROM PRODAPPS.APCVERMX WHERE FIAPIDMARC = 41 AND FNVERSIDV = 37199  AND FIAPSTATUS= 1

11:54:20.37   CurrentProcessId: 11044	JobName:083197/QUSER/QZDASOINIT     
 
SELECT  FNVERSIDV VERSION, FNMODEIDM IDMODELO, FIAPIDMARC MARCA FROM PRODAPPS.APCVERMX WHERE FIAPIDMARC = 41 AND FNVERSIDV = 37290  AND FIAPSTATUS= 1

11:54:20.65   CurrentProcessId: 11044	JobName:083197/QUSER/QZDASOINIT     
 
SELECT  FNVERSIDV VERSION, FNMODEIDM IDMODELO, FIAPIDMARC MARCA FROM PRODAPPS.APCVERMX WHERE FIAPIDMARC = 41 AND FNVERSIDV = 37180  AND FIAPSTATUS= 1

11:54:20.94   CurrentProcessId: 11044	JobName:085933/QUSER/QZDASOINIT     
 
SELECT  FNVERSIDV VERSION, FNMODEIDM IDMODELO, FIAPIDMARC MARCA FROM PRODAPPS.APCVERMX WHERE FIAPIDMARC = 41 AND FNVERSIDV = 37292  AND FIAPSTATUS= 1

11:54:21.22   CurrentProcessId: 11044	JobName:083197/QUSER/QZDASOINIT     
 
SELECT  FNVERSIDV VERSION, FNMODEIDM IDMODELO, FIAPIDMARC MARCA FROM PRODAPPS.APCVERMX WHERE FIAPIDMARC = 41 AND FNVERSIDV = 37181  AND FIAPSTATUS= 1

11:54:21.50   CurrentProcessId: 11044	JobName:083590/QUSER/QZDASOINIT     
 
SELECT  FNVERSIDV VERSION, FNMODEIDM IDMODELO, FIAPIDMARC MARCA FROM PRODAPPS.APCVERMX WHERE FIAPIDMARC = 41 AND FNVERSIDV = 37192  AND FIAPSTATUS= 1

11:54:21.77   CurrentProcessId: 11044	JobName:086139/QUSER/QZDASOINIT     
 
SELECT  FNVERSIDV VERSION, FNMODEIDM IDMODELO, FIAPIDMARC MARCA FROM PRODAPPS.APCVERMX WHERE FIAPIDMARC = 41 AND FNVERSIDV = 37237  AND FIAPSTATUS= 1

11:54:22.05   CurrentProcessId: 11044	JobName:083590/QUSER/QZDASOINIT     
 
SELECT  FNVERSIDV VERSION, FNMODEIDM IDMODELO, FIAPIDMARC MARCA FROM PRODAPPS.APCVERMX WHERE FIAPIDMARC = 41 AND FNVERSIDV = 37179  AND FIAPSTATUS= 1

11:54:22.33   CurrentProcessId: 11044	JobName:083197/QUSER/QZDASOINIT     
 
SELECT  FNVERSIDV VERSION, FNMODEIDM IDMODELO, FIAPIDMARC MARCA FROM PRODAPPS.APCVERMX WHERE FIAPIDMARC = 41 AND FNVERSIDV = 37178  AND FIAPSTATUS= 1

11:54:22.61   CurrentProcessId: 11044	JobName:083590/QUSER/QZDASOINIT     
 
SELECT  FNVERSIDV VERSION, FNMODEIDM IDMODELO, FIAPIDMARC MARCA FROM PRODAPPS.APCVERMX WHERE FIAPIDMARC = 41 AND FNVERSIDV = 37720  AND FIAPSTATUS= 1

11:54:22.89   CurrentProcessId: 11044	JobName:083197/QUSER/QZDASOINIT     
 
SELECT  FNVERSIDV VERSION, FNMODEIDM IDMODELO, FIAPIDMARC MARCA FROM PRODAPPS.APCVERMX WHERE FIAPIDMARC = 41 AND FNVERSIDV = 37692  AND FIAPSTATUS= 1

11:54:23.16   CurrentProcessId: 11044	JobName:083197/QUSER/QZDASOINIT     
 
SELECT  FNVERSIDV VERSION, FNMODEIDM IDMODELO, FIAPIDMARC MARCA FROM PRODAPPS.APCVERMX WHERE FIAPIDMARC = 41 AND FNVERSIDV = 2  AND FIAPSTATUS= 1

11:54:23.44   CurrentProcessId: 11044	JobName:083197/QUSER/QZDASOINIT     
 
SELECT  FNVERSIDV VERSION, FNMODEIDM IDMODELO, FIAPIDMARC MARCA FROM PRODAPPS.APCVERMX WHERE FIAPIDMARC = 41 AND FNVERSIDV = 37238  AND FIAPSTATUS= 1

11:54:23.72   CurrentProcessId: 11044	JobName:083197/QUSER/QZDASOINIT     
 
SELECT  FNVERSIDV VERSION, FNMODEIDM IDMODELO, FIAPIDMARC MARCA FROM PRODAPPS.APCVERMX WHERE FIAPIDMARC = 41 AND FNVERSIDV = 37239  AND FIAPSTATUS= 1

11:54:24.00   CurrentProcessId: 11044	JobName:083590/QUSER/QZDASOINIT     
 
SELECT  FNVERSIDV VERSION, FNMODEIDM IDMODELO, FIAPIDMARC MARCA FROM PRODAPPS.APCVERMX WHERE FIAPIDMARC = 41 AND FNVERSIDV = 37301  AND FIAPSTATUS= 1

11:54:24.27   CurrentProcessId: 11044	JobName:083197/QUSER/QZDASOINIT     
 
SELECT  FNVERSIDV VERSION, FNMODEIDM IDMODELO, FIAPIDMARC MARCA FROM PRODAPPS.APCVERMX WHERE FIAPIDMARC = 41 AND FNVERSIDV = 37023  AND FIAPSTATUS= 1

11:54:24.55   CurrentProcessId: 11044	JobName:083197/QUSER/QZDASOINIT     
 
SELECT  FNVERSIDV VERSION, FNMODEIDM IDMODELO, FIAPIDMARC MARCA FROM PRODAPPS.APCVERMX WHERE FIAPIDMARC = 41 AND FNVERSIDV = 37086  AND FIAPSTATUS= 1

11:54:46.94   CurrentProcessId: 11044
 
new DB2(DB2, 192.192.192.2, , )

11:54:47.14   CurrentProcessId: 11044	JobName:083063/QUSER/QZDASOINIT     
 
SELECT  B.FNMODEIDM,  B.FIAPIDMARC ,B.FSAPDESCRI NOMBREMODELO, B.FIAPANIO,C.FNVERSIDV, C.FDAPPRECIO, C.FDAPPRECIL, C.FSAPDESCRI NOMBREVERSION, D.FSAPTRANSM,E.FSAPATRIB1,E.FSAPATRIB2,E.FSAPATRIB3,E.FSAPATRIB4,E.FSAPATRIB5, E.FSAPATRIB6,E.FSAPRUTVID,E.FSAPRUT360, E.FSAPRUTFTE, F.FSAPRUTMIN, F.FSAPRUTVEH, F.FSAPDESCRI NOMBRECOLOR, F.FIDAPCOLOR  FROM PRODAPPS.APCAPMAR A
                        
                        INNER JOIN PRODAPPS.APCMODEL B
                        ON A.FIAPIDMARC = B.FIAPIDMARC
                        AND B.FIAPSTATUS = 1

                        INNER JOIN PRODAPPS.APCVERSI C
                        ON B.FNMODEIDM = C.FNMODEIDM
                        AND B.FIAPIDMARC = C.FIAPIDMARC
                        AND B.FIAPANIO = C.FIAPANIO
                        AND C.FIAPSTATUS = 1

                        INNER JOIN PRODAPPS.APCTRANS D
                        ON C.FNVERSIDV =  D.FNVERSIDV
                        AND D.FIAPSTATUS = 1

                        INNER JOIN PRODAPPS.APDDETVE E
                        ON D.FNVERSIDV = E.FNVERSIDV
                        AND E.FIAPSTATUS = 1

                        INNER JOIN PRODAPPS.APCCOLOR F
                        ON E.FNVERSIDV = F.FNVERSIDV
                        AND F.FIAPSTATUS= 1

                        WHERE B.FIAPIDMARC= 42 ORDER BY  CASE B.FNMODEIDM
                                             WHEN '186' THEN 1
                                             WHEN '1529' THEN 2
                                             WHEN '1481' THEN 3
                                             WHEN '133' THEN 4
                                             WHEN '3' THEN 5
                                             WHEN '543' THEN 6
                                             WHEN '1498' THEN 7
                                             WHEN '1602' THEN 8
                                             WHEN '1257' THEN 9
                                             WHEN '1350' THEN 10
                                             WHEN '7' THEN 11
                                             END, C.FDAPPRECIO ASC

