DB2 - DB2 192.192.192.2 - PROD
#define

11:13:57.45   CurrentProcessId: 18272
 
new DB2(DB2, 192.192.192.2, , )

11:13:57.85   CurrentProcessId: 18272	JobName:834658/QUSER/QZDASOINIT     
 
SELECT  B.FNMODEIDM,  B.FIAPIDMARC ,B.FSAPDESCRI NOMBREMODELO, B.FIAPANIO,C.FNVERSIDV, C.FDAPPRECIO, C.FDAPPRECIL, C.FSAPDESCRI NOMBREVERSION, D.FSAPTRANSM,E.FSAPATRIB1,E.FSAPATRIB2,E.FSAPATRIB3,E.FSAPATRIB4,E.FSAPATRIB5, E.FSAPATRIB6,E.FSAPRUTVID,E.FSAPRUT360, E.FSAPRUTFTE, F.FSAPRUTMIN, F.FSAPRUTVEH, F.FSAPDESCRI NOMBRECOLOR, F.FIDAPCOLOR  FROM PRODAPPS.APCAPMAR A
                        
                        INNER JOIN PRODAPPS.APCMODEL B
                        ON A.FIAPIDMARC = B.FIAPIDMARC
                        AND B.FIAPSTATUS = 1

                        INNER JOIN PRODAPPS.APCVERSI C
                        ON B.FNMODEIDM = C.FNMODEIDM
                        AND B.FIAPIDMARC = C.FIAPIDMARC
                        AND B.FIAPANIO = C.FIAPANIO
                        AND C.FIAPSTATUS = 1

                        INNER JOIN PRODAPPS.APCTRANS D
                        ON C.FNVERSIDV =  D.FNVERSIDV
                        AND D.FIAPSTATUS = 1

                        INNER JOIN PRODAPPS.APDDETVE E
                        ON D.FNVERSIDV = E.FNVERSIDV
                        AND E.FIAPSTATUS = 1

                        INNER JOIN PRODAPPS.APCCOLOR F
                        ON E.FNVERSIDV = F.FNVERSIDV
                        AND F.FIAPSTATUS= 1

                        WHERE B.FIAPIDMARC= 41  ORDER BY  CASE B.FNMODEIDM
                                             WHEN '131' THEN 1
                                             WHEN '1344' THEN 2
                                             WHEN '141' THEN 3
                                             WHEN '2' THEN 4
                                             WHEN '1236' THEN 5
                                             WHEN '1454' THEN 6
                                             END, C.FDAPPRECIO ASC

11:13:58.36   CurrentProcessId: 18272	JobName:834658/QUSER/QZDASOINIT     
 
SELECT  FNVERSIDV VERSION, FNMODEIDM IDMODELO, FIAPIDMARC MARCA FROM PRODAPPS.APCVERMX WHERE FIAPIDMARC = 41 AND FNVERSIDV = 37199  AND FIAPSTATUS= 1

11:13:58.63   CurrentProcessId: 18272	JobName:834695/QUSER/QZDASOINIT     
 
SELECT  FNVERSIDV VERSION, FNMODEIDM IDMODELO, FIAPIDMARC MARCA FROM PRODAPPS.APCVERMX WHERE FIAPIDMARC = 41 AND FNVERSIDV = 37290  AND FIAPSTATUS= 1

11:13:59.01   CurrentProcessId: 18272	JobName:834658/QUSER/QZDASOINIT     
 
SELECT  FNVERSIDV VERSION, FNMODEIDM IDMODELO, FIAPIDMARC MARCA FROM PRODAPPS.APCVERMX WHERE FIAPIDMARC = 41 AND FNVERSIDV = 37180  AND FIAPSTATUS= 1

11:13:59.26   CurrentProcessId: 18272	JobName:834695/QUSER/QZDASOINIT     
 
SELECT  FNVERSIDV VERSION, FNMODEIDM IDMODELO, FIAPIDMARC MARCA FROM PRODAPPS.APCVERMX WHERE FIAPIDMARC = 41 AND FNVERSIDV = 37292  AND FIAPSTATUS= 1

11:13:59.50   CurrentProcessId: 18272	JobName:834645/QUSER/QZDASOINIT     
 
SELECT  FNVERSIDV VERSION, FNMODEIDM IDMODELO, FIAPIDMARC MARCA FROM PRODAPPS.APCVERMX WHERE FIAPIDMARC = 41 AND FNVERSIDV = 37181  AND FIAPSTATUS= 1

11:13:59.75   CurrentProcessId: 18272	JobName:834658/QUSER/QZDASOINIT     
 
SELECT  FNVERSIDV VERSION, FNMODEIDM IDMODELO, FIAPIDMARC MARCA FROM PRODAPPS.APCVERMX WHERE FIAPIDMARC = 41 AND FNVERSIDV = 37192  AND FIAPSTATUS= 1

11:13:59.99   CurrentProcessId: 18272	JobName:834695/QUSER/QZDASOINIT     
 
SELECT  FNVERSIDV VERSION, FNMODEIDM IDMODELO, FIAPIDMARC MARCA FROM PRODAPPS.APCVERMX WHERE FIAPIDMARC = 41 AND FNVERSIDV = 37237  AND FIAPSTATUS= 1

11:14:00.24   CurrentProcessId: 18272	JobName:834658/QUSER/QZDASOINIT     
 
SELECT  FNVERSIDV VERSION, FNMODEIDM IDMODELO, FIAPIDMARC MARCA FROM PRODAPPS.APCVERMX WHERE FIAPIDMARC = 41 AND FNVERSIDV = 37179  AND FIAPSTATUS= 1

11:14:00.50   CurrentProcessId: 18272	JobName:834658/QUSER/QZDASOINIT     
 
SELECT  FNVERSIDV VERSION, FNMODEIDM IDMODELO, FIAPIDMARC MARCA FROM PRODAPPS.APCVERMX WHERE FIAPIDMARC = 41 AND FNVERSIDV = 37178  AND FIAPSTATUS= 1

11:14:00.77   CurrentProcessId: 18272	JobName:834658/QUSER/QZDASOINIT     
 
SELECT  FNVERSIDV VERSION, FNMODEIDM IDMODELO, FIAPIDMARC MARCA FROM PRODAPPS.APCVERMX WHERE FIAPIDMARC = 41 AND FNVERSIDV = 37720  AND FIAPSTATUS= 1

11:14:01.04   CurrentProcessId: 18272	JobName:834658/QUSER/QZDASOINIT     
 
SELECT  FNVERSIDV VERSION, FNMODEIDM IDMODELO, FIAPIDMARC MARCA FROM PRODAPPS.APCVERMX WHERE FIAPIDMARC = 41 AND FNVERSIDV = 37692  AND FIAPSTATUS= 1

11:14:01.31   CurrentProcessId: 18272	JobName:834694/QUSER/QZDASOINIT     
 
SELECT  FNVERSIDV VERSION, FNMODEIDM IDMODELO, FIAPIDMARC MARCA FROM PRODAPPS.APCVERMX WHERE FIAPIDMARC = 41 AND FNVERSIDV = 2  AND FIAPSTATUS= 1

11:14:01.58   CurrentProcessId: 18272	JobName:834694/QUSER/QZDASOINIT     
 
SELECT  FNVERSIDV VERSION, FNMODEIDM IDMODELO, FIAPIDMARC MARCA FROM PRODAPPS.APCVERMX WHERE FIAPIDMARC = 41 AND FNVERSIDV = 37238  AND FIAPSTATUS= 1

11:14:01.86   CurrentProcessId: 18272	JobName:834695/QUSER/QZDASOINIT     
 
SELECT  FNVERSIDV VERSION, FNMODEIDM IDMODELO, FIAPIDMARC MARCA FROM PRODAPPS.APCVERMX WHERE FIAPIDMARC = 41 AND FNVERSIDV = 37239  AND FIAPSTATUS= 1

11:14:02.13   CurrentProcessId: 18272	JobName:834658/QUSER/QZDASOINIT     
 
SELECT  FNVERSIDV VERSION, FNMODEIDM IDMODELO, FIAPIDMARC MARCA FROM PRODAPPS.APCVERMX WHERE FIAPIDMARC = 41 AND FNVERSIDV = 37301  AND FIAPSTATUS= 1

11:14:02.42   CurrentProcessId: 18272	JobName:834658/QUSER/QZDASOINIT     
 
SELECT  FNVERSIDV VERSION, FNMODEIDM IDMODELO, FIAPIDMARC MARCA FROM PRODAPPS.APCVERMX WHERE FIAPIDMARC = 41 AND FNVERSIDV = 37023  AND FIAPSTATUS= 1

11:14:02.69   CurrentProcessId: 18272	JobName:834711/QUSER/QZDASOINIT     
 
SELECT  FNVERSIDV VERSION, FNMODEIDM IDMODELO, FIAPIDMARC MARCA FROM PRODAPPS.APCVERMX WHERE FIAPIDMARC = 41 AND FNVERSIDV = 37086  AND FIAPSTATUS= 1

11:14:02.96   CurrentProcessId: 18272	JobName:834711/QUSER/QZDASOINIT     
 
SELECT  FNVERSIDV VERSION, FNMODEIDM IDMODELO, FIAPIDMARC MARCA FROM PRODAPPS.APCVERMX WHERE FIAPIDMARC = 41 AND FNVERSIDV = 37020  AND FIAPSTATUS= 1

15:15:44.54   CurrentProcessId: 26296
 
new DB2(DB2, 192.192.192.2, , )

15:15:44.72   CurrentProcessId: 26296	JobName:837197/QUSER/QZDASOINIT     
 
SELECT  B.FNMODEIDM,  B.FIAPIDMARC ,B.FSAPDESCRI NOMBREMODELO, B.FIAPANIO,C.FNVERSIDV, C.FDAPPRECIO, C.FDAPPRECIL, C.FSAPDESCRI NOMBREVERSION, D.FSAPTRANSM,E.FSAPATRIB1,E.FSAPATRIB2,E.FSAPATRIB3,E.FSAPATRIB4,E.FSAPATRIB5, E.FSAPATRIB6,E.FSAPRUTVID,E.FSAPRUT360, E.FSAPRUTFTE, F.FSAPRUTMIN, F.FSAPRUTVEH, F.FSAPDESCRI NOMBRECOLOR, F.FIDAPCOLOR  FROM PRODAPPS.APCAPMAR A
                        
                        INNER JOIN PRODAPPS.APCMODEL B
                        ON A.FIAPIDMARC = B.FIAPIDMARC
                        AND B.FIAPSTATUS = 1

                        INNER JOIN PRODAPPS.APCVERSI C
                        ON B.FNMODEIDM = C.FNMODEIDM
                        AND B.FIAPIDMARC = C.FIAPIDMARC
                        AND B.FIAPANIO = C.FIAPANIO
                        AND C.FIAPSTATUS = 1

                        INNER JOIN PRODAPPS.APCTRANS D
                        ON C.FNVERSIDV =  D.FNVERSIDV
                        AND D.FIAPSTATUS = 1

                        INNER JOIN PRODAPPS.APDDETVE E
                        ON D.FNVERSIDV = E.FNVERSIDV
                        AND E.FIAPSTATUS = 1

                        INNER JOIN PRODAPPS.APCCOLOR F
                        ON E.FNVERSIDV = F.FNVERSIDV
                        AND F.FIAPSTATUS= 1

                        WHERE B.FIAPIDMARC= 42 ORDER BY  CASE B.FNMODEIDM
                                             WHEN '1481' THEN 1
                                             WHEN '133' THEN 2
                                             WHEN '3' THEN 3
                                             WHEN '543' THEN 4
                                             WHEN '1498' THEN 5
                                             WHEN '1602' THEN 6
                                             WHEN '498' THEN 7
                                             WHEN '1350' THEN 8
                                             END, C.FDAPPRECIO ASC

15:16:13.30   CurrentProcessId: 26296
 
new DB2(DB2, 192.192.192.2, , )

15:16:13.50   CurrentProcessId: 26296	JobName:837205/QUSER/QZDASOINIT     
 
SELECT  B.FNMODEIDM,  B.FIAPIDMARC ,B.FSAPDESCRI NOMBREMODELO, B.FIAPANIO,C.FNVERSIDV, C.FDAPPRECIO, C.FDAPPRECIL, C.FSAPDESCRI NOMBREVERSION, D.FSAPTRANSM,E.FSAPATRIB1,E.FSAPATRIB2,E.FSAPATRIB3,E.FSAPATRIB4,E.FSAPATRIB5, E.FSAPATRIB6,E.FSAPRUTVID,E.FSAPRUT360, E.FSAPRUTFTE, F.FSAPRUTMIN, F.FSAPRUTVEH, F.FSAPDESCRI NOMBRECOLOR, F.FIDAPCOLOR  FROM PRODAPPS.APCAPMAR A
                        
                        INNER JOIN PRODAPPS.APCMODEL B
                        ON A.FIAPIDMARC = B.FIAPIDMARC
                        AND B.FIAPSTATUS = 1

                        INNER JOIN PRODAPPS.APCVERSI C
                        ON B.FNMODEIDM = C.FNMODEIDM
                        AND B.FIAPIDMARC = C.FIAPIDMARC
                        AND B.FIAPANIO = C.FIAPANIO
                        AND C.FIAPSTATUS = 1

                        INNER JOIN PRODAPPS.APCTRANS D
                        ON C.FNVERSIDV =  D.FNVERSIDV
                        AND D.FIAPSTATUS = 1

                        INNER JOIN PRODAPPS.APDDETVE E
                        ON D.FNVERSIDV = E.FNVERSIDV
                        AND E.FIAPSTATUS = 1

                        INNER JOIN PRODAPPS.APCCOLOR F
                        ON E.FNVERSIDV = F.FNVERSIDV
                        AND F.FIAPSTATUS= 1

                        WHERE B.FIAPIDMARC= 41  ORDER BY  CASE B.FNMODEIDM
                                             WHEN '131' THEN 1
                                             WHEN '1344' THEN 2
                                             WHEN '141' THEN 3
                                             WHEN '2' THEN 4
                                             WHEN '1236' THEN 5
                                             WHEN '1454' THEN 6
                                             END, C.FDAPPRECIO ASC

15:16:13.96   CurrentProcessId: 26296	JobName:837205/QUSER/QZDASOINIT     
 
SELECT  FNVERSIDV VERSION, FNMODEIDM IDMODELO, FIAPIDMARC MARCA FROM PRODAPPS.APCVERMX WHERE FIAPIDMARC = 41 AND FNVERSIDV = 37199  AND FIAPSTATUS= 1

15:16:14.22   CurrentProcessId: 26296	JobName:837232/QUSER/QZDASOINIT     
 
SELECT  FNVERSIDV VERSION, FNMODEIDM IDMODELO, FIAPIDMARC MARCA FROM PRODAPPS.APCVERMX WHERE FIAPIDMARC = 41 AND FNVERSIDV = 37290  AND FIAPSTATUS= 1

15:16:14.49   CurrentProcessId: 26296	JobName:831989/QUSER/QZDASOINIT     
 
SELECT  FNVERSIDV VERSION, FNMODEIDM IDMODELO, FIAPIDMARC MARCA FROM PRODAPPS.APCVERMX WHERE FIAPIDMARC = 41 AND FNVERSIDV = 37180  AND FIAPSTATUS= 1

15:16:14.76   CurrentProcessId: 26296	JobName:837232/QUSER/QZDASOINIT     
 
SELECT  FNVERSIDV VERSION, FNMODEIDM IDMODELO, FIAPIDMARC MARCA FROM PRODAPPS.APCVERMX WHERE FIAPIDMARC = 41 AND FNVERSIDV = 37292  AND FIAPSTATUS= 1

15:16:15.03   CurrentProcessId: 26296	JobName:831989/QUSER/QZDASOINIT     
 
SELECT  FNVERSIDV VERSION, FNMODEIDM IDMODELO, FIAPIDMARC MARCA FROM PRODAPPS.APCVERMX WHERE FIAPIDMARC = 41 AND FNVERSIDV = 37181  AND FIAPSTATUS= 1

15:16:15.30   CurrentProcessId: 26296	JobName:837205/QUSER/QZDASOINIT     
 
SELECT  FNVERSIDV VERSION, FNMODEIDM IDMODELO, FIAPIDMARC MARCA FROM PRODAPPS.APCVERMX WHERE FIAPIDMARC = 41 AND FNVERSIDV = 37192  AND FIAPSTATUS= 1

15:16:15.57   CurrentProcessId: 26296	JobName:835536/QUSER/QZDASOINIT     
 
SELECT  FNVERSIDV VERSION, FNMODEIDM IDMODELO, FIAPIDMARC MARCA FROM PRODAPPS.APCVERMX WHERE FIAPIDMARC = 41 AND FNVERSIDV = 37237  AND FIAPSTATUS= 1

15:16:15.84   CurrentProcessId: 26296	JobName:837205/QUSER/QZDASOINIT     
 
SELECT  FNVERSIDV VERSION, FNMODEIDM IDMODELO, FIAPIDMARC MARCA FROM PRODAPPS.APCVERMX WHERE FIAPIDMARC = 41 AND FNVERSIDV = 37179  AND FIAPSTATUS= 1

15:16:16.11   CurrentProcessId: 26296	JobName:837208/QUSER/QZDASOINIT     
 
SELECT  FNVERSIDV VERSION, FNMODEIDM IDMODELO, FIAPIDMARC MARCA FROM PRODAPPS.APCVERMX WHERE FIAPIDMARC = 41 AND FNVERSIDV = 37178  AND FIAPSTATUS= 1

15:16:16.39   CurrentProcessId: 26296	JobName:833059/QUSER/QZDASOINIT     
 
SELECT  FNVERSIDV VERSION, FNMODEIDM IDMODELO, FIAPIDMARC MARCA FROM PRODAPPS.APCVERMX WHERE FIAPIDMARC = 41 AND FNVERSIDV = 37720  AND FIAPSTATUS= 1

15:16:16.67   CurrentProcessId: 26296	JobName:833059/QUSER/QZDASOINIT     
 
SELECT  FNVERSIDV VERSION, FNMODEIDM IDMODELO, FIAPIDMARC MARCA FROM PRODAPPS.APCVERMX WHERE FIAPIDMARC = 41 AND FNVERSIDV = 37692  AND FIAPSTATUS= 1

15:16:16.94   CurrentProcessId: 26296	JobName:831989/QUSER/QZDASOINIT     
 
SELECT  FNVERSIDV VERSION, FNMODEIDM IDMODELO, FIAPIDMARC MARCA FROM PRODAPPS.APCVERMX WHERE FIAPIDMARC = 41 AND FNVERSIDV = 2  AND FIAPSTATUS= 1

15:16:17.21   CurrentProcessId: 26296	JobName:831989/QUSER/QZDASOINIT     
 
SELECT  FNVERSIDV VERSION, FNMODEIDM IDMODELO, FIAPIDMARC MARCA FROM PRODAPPS.APCVERMX WHERE FIAPIDMARC = 41 AND FNVERSIDV = 37238  AND FIAPSTATUS= 1

15:16:17.48   CurrentProcessId: 26296	JobName:835715/QUSER/QZDASOINIT     
 
SELECT  FNVERSIDV VERSION, FNMODEIDM IDMODELO, FIAPIDMARC MARCA FROM PRODAPPS.APCVERMX WHERE FIAPIDMARC = 41 AND FNVERSIDV = 37239  AND FIAPSTATUS= 1

15:16:17.76   CurrentProcessId: 26296	JobName:831989/QUSER/QZDASOINIT     
 
SELECT  FNVERSIDV VERSION, FNMODEIDM IDMODELO, FIAPIDMARC MARCA FROM PRODAPPS.APCVERMX WHERE FIAPIDMARC = 41 AND FNVERSIDV = 37301  AND FIAPSTATUS= 1

15:16:18.02   CurrentProcessId: 26296	JobName:837232/QUSER/QZDASOINIT     
 
SELECT  FNVERSIDV VERSION, FNMODEIDM IDMODELO, FIAPIDMARC MARCA FROM PRODAPPS.APCVERMX WHERE FIAPIDMARC = 41 AND FNVERSIDV = 37023  AND FIAPSTATUS= 1

15:16:18.29   CurrentProcessId: 26296	JobName:837234/QUSER/QZDASOINIT     
 
SELECT  FNVERSIDV VERSION, FNMODEIDM IDMODELO, FIAPIDMARC MARCA FROM PRODAPPS.APCVERMX WHERE FIAPIDMARC = 41 AND FNVERSIDV = 37086  AND FIAPSTATUS= 1

15:16:18.57   CurrentProcessId: 26296	JobName:837232/QUSER/QZDASOINIT     
 
SELECT  FNVERSIDV VERSION, FNMODEIDM IDMODELO, FIAPIDMARC MARCA FROM PRODAPPS.APCVERMX WHERE FIAPIDMARC = 41 AND FNVERSIDV = 37020  AND FIAPSTATUS= 1

