DB2 - DB2 192.192.192.2 - PROD
#define

16:11:35.95   CurrentProcessId: 20040
 
new DB2(DB2, 192.192.192.2, , )

16:11:36.13   CurrentProcessId: 20040	JobName:010885/QUSER/QZDASOINIT     
 
SELECT ape.FIAPIDCOMP IDCOMPRA, ape.FIAPIDAPPS, ape.FIAPIDMARC, ape.FIAPFOLCOM, ape.FIAPIDCUEN IDCUENTA, ape.FFAPFECCOM, ape.FHAPHORCOM, ape.FDAPSUBTOT SUBTOTAL, ape.FDAPDESCUE DESCUENTO, ape.FDAPIVA IVA, ape.FDAPTOTAL TOTAL, ape.FSAPRUTRFB, ape.FIAPIDESTA,  est.FSAPESTADO, ape.FIAPIDPROC, ape.FIAPIDPASO PASO, dan.FIAPIDCIAU, dan.FIAPIDPEDI, dan.FFAPFECPED, dan.FHAPHORPED, dan.FIAPIDPERS, dan.FIAPIDVEHI, dan.FIAPIDINVE, dan.FSAPMODELO, dan.FSAPVERSIO, dan.FSAPTRANSM ,dan.FSAPCOLEXT, dan.FSAPNUMINV,dan.FSAPNUMSER, dan.FDAPSUBTOT SUBTOTALPEDIDO, dan.FDAPDESCUE, dan.FDAPIVA IVAPEDIDO, dan.FDAPTOTAL TOTALPEDIDO, dan.FIAPCOTSEG, dan.FSAPRUTFOT,CUENTA.FSAPNOMBRE, CUENTA.FSAPAPEPAT, CUENTA.FSAPAPEMAT, CUENTA.FSAPCORREO, CUENTA.FIAPLADMOV, CUENTA.FIAPNUMMOV FROM PRODapps.APECMPVW ape 
                                INNER JOIN PRODapps.APCESCVW est ON ape.FIAPIDESTA = est.FIAPIDESTA 
                                INNER JOIN PRODapps.APEPANVW dan ON dan.FIAPIDCOMP = ape.FIAPIDCOMP 
                                AND  dan.FIAPIDMARC = ape.FIAPIDMARC 
                                INNER JOIN PRODAPPS.APCCTAVW CUENTA ON 
                                ape.FIAPIDCUEN = CUENTA.FIAPIDCUEN 
                                AND ape.FIAPIDAPPS= CUENTA.FIAPIDAPPS 
                                WHERE 1 = 1 
                                AND ape.FIAPSTATUS = 1  AND ape.FIAPIDAPPS= 1  ORDER BY ape.FIAPIDCOMP ASC

16:16:04.34   CurrentProcessId: 20040
 
new DB2(DB2, 192.192.192.2, , )

16:16:12.46   CurrentProcessId: 20040	JobName:008853/QUSER/QZDASOINIT     
 
SELECT ape.FIAPIDCOMP IDCOMPRA, ape.FIAPIDAPPS, ape.FIAPIDMARC, ape.FIAPFOLCOM, ape.FIAPIDCUEN IDCUENTA, ape.FFAPFECCOM, ape.FHAPHORCOM, ape.FDAPSUBTOT SUBTOTAL, ape.FDAPDESCUE DESCUENTO, ape.FDAPIVA IVA, ape.FDAPTOTAL TOTAL, ape.FSAPRUTRFB, ape.FIAPIDESTA,  est.FSAPESTADO, ape.FIAPIDPROC, ape.FIAPIDPASO PASO, dan.FIAPIDCIAU, dan.FIAPIDPEDI, dan.FFAPFECPED, dan.FHAPHORPED, dan.FIAPIDPERS, dan.FIAPIDVEHI, dan.FIAPIDINVE, dan.FSAPMODELO, dan.FSAPVERSIO, dan.FSAPTRANSM ,dan.FSAPCOLEXT, dan.FSAPNUMINV,dan.FSAPNUMSER, dan.FDAPSUBTOT SUBTOTALPEDIDO, dan.FDAPDESCUE, dan.FDAPIVA IVAPEDIDO, dan.FDAPTOTAL TOTALPEDIDO, dan.FIAPCOTSEG, dan.FSAPRUTFOT,CUENTA.FSAPNOMBRE, CUENTA.FSAPAPEPAT, CUENTA.FSAPAPEMAT, CUENTA.FSAPCORREO, CUENTA.FIAPLADMOV, CUENTA.FIAPNUMMOV FROM PRODapps.APECMPVW ape 
                                INNER JOIN PRODapps.APCESCVW est ON ape.FIAPIDESTA = est.FIAPIDESTA 
                                INNER JOIN PRODapps.APEPANVW dan ON dan.FIAPIDCOMP = ape.FIAPIDCOMP 
                                AND  dan.FIAPIDMARC = ape.FIAPIDMARC 
                                INNER JOIN PRODAPPS.APCCTAVW CUENTA ON 
                                ape.FIAPIDCUEN = CUENTA.FIAPIDCUEN 
                                AND ape.FIAPIDAPPS= CUENTA.FIAPIDAPPS 
                                WHERE 1 = 1 
                                AND ape.FIAPSTATUS = 1  AND ape.FIAPIDAPPS= 1  ORDER BY ape.FIAPIDCOMP ASC

16:17:54.80   CurrentProcessId: 20040
 
new DB2(DB2, 192.192.192.2, , )

16:17:56.64   CurrentProcessId: 20040	JobName:010975/QUSER/QZDASOINIT     
 
SELECT ape.FIAPIDCOMP IDCOMPRA, ape.FIAPIDAPPS, ape.FIAPIDMARC, ape.FIAPFOLCOM, ape.FIAPIDCUEN IDCUENTA, ape.FFAPFECCOM, ape.FHAPHORCOM, ape.FDAPSUBTOT SUBTOTAL, ape.FDAPDESCUE DESCUENTO, ape.FDAPIVA IVA, ape.FDAPTOTAL TOTAL, ape.FSAPRUTRFB, ape.FIAPIDESTA,  est.FSAPESTADO, ape.FIAPIDPROC, ape.FIAPIDPASO PASO, dan.FIAPIDCIAU, dan.FIAPIDPEDI, dan.FFAPFECPED, dan.FHAPHORPED, dan.FIAPIDPERS, dan.FIAPIDVEHI, dan.FIAPIDINVE, dan.FSAPMODELO, dan.FSAPVERSIO, dan.FSAPTRANSM ,dan.FSAPCOLEXT, dan.FSAPNUMINV,dan.FSAPNUMSER, dan.FDAPSUBTOT SUBTOTALPEDIDO, dan.FDAPDESCUE, dan.FDAPIVA IVAPEDIDO, dan.FDAPTOTAL TOTALPEDIDO, dan.FIAPCOTSEG, dan.FSAPRUTFOT,CUENTA.FSAPNOMBRE, CUENTA.FSAPAPEPAT, CUENTA.FSAPAPEMAT, CUENTA.FSAPCORREO, CUENTA.FIAPLADMOV, CUENTA.FIAPNUMMOV FROM PRODapps.APECMPVW ape 
                                INNER JOIN PRODapps.APCESCVW est ON ape.FIAPIDESTA = est.FIAPIDESTA 
                                INNER JOIN PRODapps.APEPANVW dan ON dan.FIAPIDCOMP = ape.FIAPIDCOMP 
                                AND  dan.FIAPIDMARC = ape.FIAPIDMARC 
                                INNER JOIN PRODAPPS.APCCTAVW CUENTA ON 
                                ape.FIAPIDCUEN = CUENTA.FIAPIDCUEN 
                                AND ape.FIAPIDAPPS= CUENTA.FIAPIDAPPS 
                                WHERE 1 = 1 
                                AND ape.FIAPSTATUS = 1  AND ape.FIAPIDAPPS= 3  ORDER BY ape.FIAPIDCOMP ASC

16:18:26.52   CurrentProcessId: 20040
 
new DB2(DB2, 192.192.192.2, , )

16:18:26.69   CurrentProcessId: 20040	JobName:011034/QUSER/QZDASOINIT     
 
SELECT ape.FIAPIDCOMP IDCOMPRA, ape.FIAPIDAPPS, ape.FIAPIDMARC, ape.FIAPFOLCOM, ape.FIAPIDCUEN IDCUENTA, ape.FFAPFECCOM, ape.FHAPHORCOM, ape.FDAPSUBTOT SUBTOTAL, ape.FDAPDESCUE DESCUENTO, ape.FDAPIVA IVA, ape.FDAPTOTAL TOTAL, ape.FSAPRUTRFB, ape.FIAPIDESTA,  est.FSAPESTADO, ape.FIAPIDPROC, ape.FIAPIDPASO PASO, dan.FIAPIDCIAU, dan.FIAPIDPEDI, dan.FFAPFECPED, dan.FHAPHORPED, dan.FIAPIDPERS, dan.FIAPIDVEHI, dan.FIAPIDINVE, dan.FSAPMODELO, dan.FSAPVERSIO, dan.FSAPTRANSM ,dan.FSAPCOLEXT, dan.FSAPNUMINV,dan.FSAPNUMSER, dan.FDAPSUBTOT SUBTOTALPEDIDO, dan.FDAPDESCUE, dan.FDAPIVA IVAPEDIDO, dan.FDAPTOTAL TOTALPEDIDO, dan.FIAPCOTSEG, dan.FSAPRUTFOT,CUENTA.FSAPNOMBRE, CUENTA.FSAPAPEPAT, CUENTA.FSAPAPEMAT, CUENTA.FSAPCORREO, CUENTA.FIAPLADMOV, CUENTA.FIAPNUMMOV FROM PRODapps.APECMPVW ape 
                                INNER JOIN PRODapps.APCESCVW est ON ape.FIAPIDESTA = est.FIAPIDESTA 
                                INNER JOIN PRODapps.APEPANVW dan ON dan.FIAPIDCOMP = ape.FIAPIDCOMP 
                                AND  dan.FIAPIDMARC = ape.FIAPIDMARC 
                                INNER JOIN PRODAPPS.APCCTAVW CUENTA ON 
                                ape.FIAPIDCUEN = CUENTA.FIAPIDCUEN 
                                AND ape.FIAPIDAPPS= CUENTA.FIAPIDAPPS 
                                WHERE 1 = 1 
                                AND ape.FIAPSTATUS = 1  AND ape.FIAPIDAPPS= 3  ORDER BY ape.FIAPIDCOMP ASC

16:19:28.69   CurrentProcessId: 20040
 
new DB2(DB2, 192.192.192.2, , )

16:19:28.86   CurrentProcessId: 20040	JobName:010955/QUSER/QZDASOINIT     
 
SELECT ape.FIAPIDCOMP IDCOMPRA, ape.FIAPIDAPPS, ape.FIAPIDMARC, ape.FIAPFOLCOM, ape.FIAPIDCUEN IDCUENTA, ape.FFAPFECCOM, ape.FHAPHORCOM, ape.FDAPSUBTOT SUBTOTAL, ape.FDAPDESCUE DESCUENTO, ape.FDAPIVA IVA, ape.FDAPTOTAL TOTAL, ape.FSAPRUTRFB, ape.FIAPIDESTA,  est.FSAPESTADO, ape.FIAPIDPROC, ape.FIAPIDPASO PASO, dan.FIAPIDCIAU, dan.FIAPIDPEDI, dan.FFAPFECPED, dan.FHAPHORPED, dan.FIAPIDPERS, dan.FIAPIDVEHI, dan.FIAPIDINVE, dan.FSAPMODELO, dan.FSAPVERSIO, dan.FSAPTRANSM ,dan.FSAPCOLEXT, dan.FSAPNUMINV,dan.FSAPNUMSER, dan.FDAPSUBTOT SUBTOTALPEDIDO, dan.FDAPDESCUE, dan.FDAPIVA IVAPEDIDO, dan.FDAPTOTAL TOTALPEDIDO, dan.FIAPCOTSEG, dan.FSAPRUTFOT,CUENTA.FSAPNOMBRE, CUENTA.FSAPAPEPAT, CUENTA.FSAPAPEMAT, CUENTA.FSAPCORREO, CUENTA.FIAPLADMOV, CUENTA.FIAPNUMMOV FROM PRODapps.APECMPVW ape 
                                INNER JOIN PRODapps.APCESCVW est ON ape.FIAPIDESTA = est.FIAPIDESTA 
                                INNER JOIN PRODapps.APEPANVW dan ON dan.FIAPIDCOMP = ape.FIAPIDCOMP 
                                AND  dan.FIAPIDMARC = ape.FIAPIDMARC 
                                INNER JOIN PRODAPPS.APCCTAVW CUENTA ON 
                                ape.FIAPIDCUEN = CUENTA.FIAPIDCUEN 
                                AND ape.FIAPIDAPPS= CUENTA.FIAPIDAPPS 
                                WHERE 1 = 1 
                                AND ape.FIAPSTATUS = 1  AND ape.FIAPIDAPPS= 3  ORDER BY ape.FIAPIDCOMP ASC

16:19:52.92   CurrentProcessId: 20040
 
new DB2(DB2, 192.192.192.2, , )

----------- BeginTransaccion              CurrentProcessId: 20040	JobName:006745/QUSER/QZDASOINIT     
16:19:53.32   CurrentProcessId: 20040	JobName:006745/QUSER/QZDASOINIT     
 
INSERT INTO PRODAPPS.APDDCSVW
                    (
                       FIAPIDAPPS
                      ,FIAPIDCOMP   /*ID COMPRA*/
                      ,FIAPIDCONS  /*ID CONSECUTIVO*/
                      ,FIAPIDTIPO   /*ID TIPO*/
                      ,FSAPDOCUME   /*DOCUMENTO*/
                      ,FSAPRUTDOC   /*RUTA DOCUMENTO*/
                      ,FIAPSTATUS   /*ESTATUS*/
                      ,USERCREAT    /*USUARIO DE CREACION*/
                      ,DATECREAT    /*FECHA DE CREACION*/
                      ,TIMECREAT    /*HORA DE CREACION*/
                      ,PROGCREAT    /*PROGRAMA DE CREACION*/

                   ) VALUES(1 , 36 , 1 , 1 , '1_36_1_1_20210611 Validado.pdf' , 'C:\Roberto Git\ProyectoVW\wsApiVW\wsApiVW\Compras\ComunicacionAgencia\1_36_1_1_20210611.pdf' , 1 , 'APP' , CURRENT DATE , CURRENT TIME , 'APP')

----------- CommitTransaccion              CurrentProcessId: 20040	JobName:006745/QUSER/QZDASOINIT     

16:19:53.34   CurrentProcessId: 20040	JobName:006745/QUSER/QZDASOINIT     
 
ModoConectado=False	(antes:True)

