DB2 - DB2 192.192.192.2 - PROD
#define

09:47:10.09   CurrentProcessId: 6528
 
new DB2(DB2, 192.192.192.2, , )

09:47:10.46   CurrentProcessId: 6528	JobName:980414/QUSER/QZDASOINIT     
 
SELECT  B.FNMODEIDM,  B.FIAPIDMARC ,B.FSAPDESCRI NOMBREMODELO, B.FIAPANIO,C.FNVERSIDV, C.FDAPPRECIO, C.FDAPPRECIL, C.FSAPDESCRI NOMBREVERSION, D.FSAPTRANSM,E.FSAPATRIB1,E.FSAPATRIB2,E.FSAPATRIB3,E.FSAPATRIB4,E.FSAPATRIB5, E.FSAPATRIB6,E.FSAPRUTVID,E.FSAPRUT360, E.FSAPRUTFTE, F.FSAPRUTMIN, F.FSAPRUTVEH, F.FSAPDESCRI NOMBRECOLOR, F.FIDAPCOLOR  FROM PRODAPPS.APCAPMAR A
                        
                        INNER JOIN PRODAPPS.APCMODEL B
                        ON A.FIAPIDMARC = B.FIAPIDMARC
                        AND B.FIAPSTATUS = 1

                        INNER JOIN PRODAPPS.APCVERSI C
                        ON B.FNMODEIDM = C.FNMODEIDM
                        AND B.FIAPIDMARC = C.FIAPIDMARC
                        AND B.FIAPANIO = C.FIAPANIO
                        AND C.FIAPSTATUS = 1

                        INNER JOIN PRODAPPS.APCTRANS D
                        ON C.FNVERSIDV =  D.FNVERSIDV
                        AND D.FIAPSTATUS = 1

                        INNER JOIN PRODAPPS.APDDETVE E
                        ON D.FNVERSIDV = E.FNVERSIDV
                        AND E.FIAPSTATUS = 1

                        INNER JOIN PRODAPPS.APCCOLOR F
                        ON E.FNVERSIDV = F.FNVERSIDV
                        AND F.FIAPSTATUS= 1

                        WHERE B.FIAPIDMARC= 0 ORDER BY  CASE B.FNMODEIDM
                                            WHEN '6' THEN 1
                                            WHEN '5' THEN 2
                                            WHEN '1' THEN 3
                                            WHEN '1628' THEN 4
                                            WHEN '1236' THEN 5
                                            END, C.FDAPPRECIO ASC 

09:47:11.01   CurrentProcessId: 6528	JobName:980413/QUSER/QZDASOINIT     
 
SELECT  FNVERSIDV VERSION, FNMODEIDM IDMODELO, FIAPIDMARC MARCA FROM PRODAPPS.APCVERMX WHERE FIAPIDMARC = 0 AND FNVERSIDV = 4  AND FIAPSTATUS= 1

09:47:11.32   CurrentProcessId: 6528	JobName:980417/QUSER/QZDASOINIT     
 
SELECT  FNVERSIDV VERSION, FNMODEIDM IDMODELO, FIAPIDMARC MARCA FROM PRODAPPS.APCVERMX WHERE FIAPIDMARC = 0 AND FNVERSIDV = 5  AND FIAPSTATUS= 1

09:47:11.70   CurrentProcessId: 6528	JobName:980417/QUSER/QZDASOINIT     
 
SELECT  FNVERSIDV VERSION, FNMODEIDM IDMODELO, FIAPIDMARC MARCA FROM PRODAPPS.APCVERMX WHERE FIAPIDMARC = 0 AND FNVERSIDV = 1  AND FIAPSTATUS= 1

09:47:12.05   CurrentProcessId: 6528	JobName:980413/QUSER/QZDASOINIT     
 
SELECT  FNVERSIDV VERSION, FNMODEIDM IDMODELO, FIAPIDMARC MARCA FROM PRODAPPS.APCVERMX WHERE FIAPIDMARC = 0 AND FNVERSIDV = 37789  AND FIAPSTATUS= 1

09:47:12.35   CurrentProcessId: 6528	JobName:980413/QUSER/QZDASOINIT     
 
SELECT  FNVERSIDV VERSION, FNMODEIDM IDMODELO, FIAPIDMARC MARCA FROM PRODAPPS.APCVERMX WHERE FIAPIDMARC = 0 AND FNVERSIDV = 37751  AND FIAPSTATUS= 1

09:47:12.65   CurrentProcessId: 6528	JobName:979834/QUSER/QZDASOINIT     
 
SELECT  FNVERSIDV VERSION, FNMODEIDM IDMODELO, FIAPIDMARC MARCA FROM PRODAPPS.APCVERMX WHERE FIAPIDMARC = 0 AND FNVERSIDV = 7  AND FIAPSTATUS= 1

09:56:05.86   CurrentProcessId: 6528
 
new DB2(DB2, 192.192.192.2, , )

09:56:06.05   CurrentProcessId: 6528	JobName:979640/QUSER/QZDASOINIT     
 
SELECT  B.FNMODEIDM,  B.FIAPIDMARC ,B.FSAPDESCRI NOMBREMODELO, B.FIAPANIO,C.FNVERSIDV, C.FDAPPRECIO, C.FDAPPRECIL, C.FSAPDESCRI NOMBREVERSION, D.FSAPTRANSM,E.FSAPATRIB1,E.FSAPATRIB2,E.FSAPATRIB3,E.FSAPATRIB4,E.FSAPATRIB5, E.FSAPATRIB6,E.FSAPRUTVID,E.FSAPRUT360, E.FSAPRUTFTE, F.FSAPRUTMIN, F.FSAPRUTVEH, F.FSAPDESCRI NOMBRECOLOR, F.FIDAPCOLOR  FROM PRODAPPS.APCAPMAR A
                        
                        INNER JOIN PRODAPPS.APCMODEL B
                        ON A.FIAPIDMARC = B.FIAPIDMARC
                        AND B.FIAPSTATUS = 1

                        INNER JOIN PRODAPPS.APCVERSI C
                        ON B.FNMODEIDM = C.FNMODEIDM
                        AND B.FIAPIDMARC = C.FIAPIDMARC
                        AND B.FIAPANIO = C.FIAPANIO
                        AND C.FIAPSTATUS = 1

                        INNER JOIN PRODAPPS.APCTRANS D
                        ON C.FNVERSIDV =  D.FNVERSIDV
                        AND D.FIAPSTATUS = 1

                        INNER JOIN PRODAPPS.APDDETVE E
                        ON D.FNVERSIDV = E.FNVERSIDV
                        AND E.FIAPSTATUS = 1

                        INNER JOIN PRODAPPS.APCCOLOR F
                        ON E.FNVERSIDV = F.FNVERSIDV
                        AND F.FIAPSTATUS= 1

                        WHERE B.FIAPIDMARC= 0 ORDER BY  CASE B.FNMODEIDM
                                            WHEN '6' THEN 1
                                            WHEN '5' THEN 2
                                            WHEN '1' THEN 3
                                            WHEN '1628' THEN 4
                                            WHEN '1236' THEN 5
                                            END, C.FDAPPRECIO ASC 

09:56:06.45   CurrentProcessId: 6528	JobName:980404/QUSER/QZDASOINIT     
 
SELECT  FNVERSIDV VERSION, FNMODEIDM IDMODELO, FIAPIDMARC MARCA FROM PRODAPPS.APCVERMX WHERE FIAPIDMARC = 0 AND FNVERSIDV = 4  AND FIAPSTATUS= 1

09:56:06.78   CurrentProcessId: 6528	JobName:980404/QUSER/QZDASOINIT     
 
SELECT  FNVERSIDV VERSION, FNMODEIDM IDMODELO, FIAPIDMARC MARCA FROM PRODAPPS.APCVERMX WHERE FIAPIDMARC = 0 AND FNVERSIDV = 5  AND FIAPSTATUS= 1

09:56:07.08   CurrentProcessId: 6528	JobName:980404/QUSER/QZDASOINIT     
 
SELECT  FNVERSIDV VERSION, FNMODEIDM IDMODELO, FIAPIDMARC MARCA FROM PRODAPPS.APCVERMX WHERE FIAPIDMARC = 0 AND FNVERSIDV = 1  AND FIAPSTATUS= 1

09:56:07.39   CurrentProcessId: 6528	JobName:979959/QUSER/QZDASOINIT     
 
SELECT  FNVERSIDV VERSION, FNMODEIDM IDMODELO, FIAPIDMARC MARCA FROM PRODAPPS.APCVERMX WHERE FIAPIDMARC = 0 AND FNVERSIDV = 37789  AND FIAPSTATUS= 1

09:56:07.69   CurrentProcessId: 6528	JobName:980404/QUSER/QZDASOINIT     
 
SELECT  FNVERSIDV VERSION, FNMODEIDM IDMODELO, FIAPIDMARC MARCA FROM PRODAPPS.APCVERMX WHERE FIAPIDMARC = 0 AND FNVERSIDV = 37751  AND FIAPSTATUS= 1

09:56:07.98   CurrentProcessId: 6528	JobName:980220/QUSER/QZDASOINIT     
 
SELECT  FNVERSIDV VERSION, FNMODEIDM IDMODELO, FIAPIDMARC MARCA FROM PRODAPPS.APCVERMX WHERE FIAPIDMARC = 0 AND FNVERSIDV = 7  AND FIAPSTATUS= 1

09:57:15.48   CurrentProcessId: 6528
 
new DB2(DB2, 192.192.192.2, , )

09:57:15.69   CurrentProcessId: 6528	JobName:980179/QUSER/QZDASOINIT     
 
SELECT  B.FNMODEIDM,  B.FIAPIDMARC ,B.FSAPDESCRI NOMBREMODELO, B.FIAPANIO,C.FNVERSIDV, C.FDAPPRECIO, C.FDAPPRECIL, C.FSAPDESCRI NOMBREVERSION, D.FSAPTRANSM,E.FSAPATRIB1,E.FSAPATRIB2,E.FSAPATRIB3,E.FSAPATRIB4,E.FSAPATRIB5, E.FSAPATRIB6,E.FSAPRUTVID,E.FSAPRUT360, E.FSAPRUTFTE, F.FSAPRUTMIN, F.FSAPRUTVEH, F.FSAPDESCRI NOMBRECOLOR, F.FIDAPCOLOR  FROM PRODAPPS.APCAPMAR A
                        
                        INNER JOIN PRODAPPS.APCMODEL B
                        ON A.FIAPIDMARC = B.FIAPIDMARC
                        AND B.FIAPSTATUS = 1

                        INNER JOIN PRODAPPS.APCVERSI C
                        ON B.FNMODEIDM = C.FNMODEIDM
                        AND B.FIAPIDMARC = C.FIAPIDMARC
                        AND B.FIAPANIO = C.FIAPANIO
                        AND C.FIAPSTATUS = 1

                        INNER JOIN PRODAPPS.APCTRANS D
                        ON C.FNVERSIDV =  D.FNVERSIDV
                        AND D.FIAPSTATUS = 1

                        INNER JOIN PRODAPPS.APDDETVE E
                        ON D.FNVERSIDV = E.FNVERSIDV
                        AND E.FIAPSTATUS = 1

                        INNER JOIN PRODAPPS.APCCOLOR F
                        ON E.FNVERSIDV = F.FNVERSIDV
                        AND F.FIAPSTATUS= 1

                        WHERE B.FIAPIDMARC= 0 ORDER BY  CASE B.FNMODEIDM
                                            WHEN '6' THEN 1
                                            WHEN '5' THEN 2
                                            WHEN '1' THEN 3
                                            WHEN '1628' THEN 4
                                            WHEN '1236' THEN 5
                                            END, C.FDAPPRECIO ASC 

09:57:16.02   CurrentProcessId: 6528	JobName:980310/QUSER/QZDASOINIT     
 
SELECT  FNVERSIDV VERSION, FNMODEIDM IDMODELO, FIAPIDMARC MARCA FROM PRODAPPS.APCVERMX WHERE FIAPIDMARC = 0 AND FNVERSIDV = 4  AND FIAPSTATUS= 1

09:57:16.33   CurrentProcessId: 6528	JobName:980179/QUSER/QZDASOINIT     
 
SELECT  FNVERSIDV VERSION, FNMODEIDM IDMODELO, FIAPIDMARC MARCA FROM PRODAPPS.APCVERMX WHERE FIAPIDMARC = 0 AND FNVERSIDV = 5  AND FIAPSTATUS= 1

09:57:16.64   CurrentProcessId: 6528	JobName:980179/QUSER/QZDASOINIT     
 
SELECT  FNVERSIDV VERSION, FNMODEIDM IDMODELO, FIAPIDMARC MARCA FROM PRODAPPS.APCVERMX WHERE FIAPIDMARC = 0 AND FNVERSIDV = 1  AND FIAPSTATUS= 1

09:57:16.96   CurrentProcessId: 6528	JobName:980310/QUSER/QZDASOINIT     
 
SELECT  FNVERSIDV VERSION, FNMODEIDM IDMODELO, FIAPIDMARC MARCA FROM PRODAPPS.APCVERMX WHERE FIAPIDMARC = 0 AND FNVERSIDV = 37789  AND FIAPSTATUS= 1

09:57:17.25   CurrentProcessId: 6528	JobName:980310/QUSER/QZDASOINIT     
 
SELECT  FNVERSIDV VERSION, FNMODEIDM IDMODELO, FIAPIDMARC MARCA FROM PRODAPPS.APCVERMX WHERE FIAPIDMARC = 0 AND FNVERSIDV = 37751  AND FIAPSTATUS= 1

09:57:17.55   CurrentProcessId: 6528	JobName:980179/QUSER/QZDASOINIT     
 
SELECT  FNVERSIDV VERSION, FNMODEIDM IDMODELO, FIAPIDMARC MARCA FROM PRODAPPS.APCVERMX WHERE FIAPIDMARC = 0 AND FNVERSIDV = 7  AND FIAPSTATUS= 1

10:05:22.99   CurrentProcessId: 6528
 
new DB2(DB2, 192.192.192.2, , )

10:05:23.18   CurrentProcessId: 6528	JobName:979188/QUSER/QZDASOINIT     
 
SELECT  B.FNMODEIDM,  B.FIAPIDMARC ,B.FSAPDESCRI NOMBREMODELO, B.FIAPANIO,C.FNVERSIDV, C.FDAPPRECIO, C.FDAPPRECIL, C.FSAPDESCRI NOMBREVERSION, D.FSAPTRANSM,E.FSAPATRIB1,E.FSAPATRIB2,E.FSAPATRIB3,E.FSAPATRIB4,E.FSAPATRIB5, E.FSAPATRIB6,E.FSAPRUTVID,E.FSAPRUT360, E.FSAPRUTFTE, F.FSAPRUTMIN, F.FSAPRUTVEH, F.FSAPDESCRI NOMBRECOLOR, F.FIDAPCOLOR  FROM PRODAPPS.APCAPMAR A
                        
                        INNER JOIN PRODAPPS.APCMODEL B
                        ON A.FIAPIDMARC = B.FIAPIDMARC
                        AND B.FIAPSTATUS = 1

                        INNER JOIN PRODAPPS.APCVERSI C
                        ON B.FNMODEIDM = C.FNMODEIDM
                        AND B.FIAPIDMARC = C.FIAPIDMARC
                        AND B.FIAPANIO = C.FIAPANIO
                        AND C.FIAPSTATUS = 1

                        INNER JOIN PRODAPPS.APCTRANS D
                        ON C.FNVERSIDV =  D.FNVERSIDV
                        AND D.FIAPSTATUS = 1

                        INNER JOIN PRODAPPS.APDDETVE E
                        ON D.FNVERSIDV = E.FNVERSIDV
                        AND E.FIAPSTATUS = 1

                        INNER JOIN PRODAPPS.APCCOLOR F
                        ON E.FNVERSIDV = F.FNVERSIDV
                        AND F.FIAPSTATUS= 1

                        WHERE B.FIAPIDMARC= 42 ORDER BY  CASE B.FNMODEIDM
                                             WHEN '186' THEN 1
                                             WHEN '1529' THEN 2
                                             WHEN '1481' THEN 3
                                             WHEN '133' THEN 4
                                             WHEN '3' THEN 5
                                             WHEN '543' THEN 6
                                             WHEN '1498' THEN 7
                                             WHEN '1602' THEN 8
                                             WHEN '498' THEN 9
                                             WHEN '1350' THEN 10
                                             END, C.FDAPPRECIO ASC

