DB2 - DB2 192.192.192.2 - PROD
#define

09:08:42.77   CurrentProcessId: 5268
 
new DB2(DB2, 192.192.192.2, , )

09:08:43.07   CurrentProcessId: 5268	JobName:780564/QUSER/QZDASOINIT     
 
SELECT  B.FNMODEIDM,  B.FIAPIDMARC ,B.FSAPDESCRI NOMBREMODELO, B.FIAPANIO,C.FNVERSIDV, C.FDAPPRECIO, C.FDAPPRECIL, C.FSAPDESCRI NOMBREVERSION, D.FSAPTRANSM,E.FSAPATRIB1,E.FSAPATRIB2,E.FSAPATRIB3,E.FSAPATRIB4,E.FSAPATRIB5, E.FSAPATRIB6,E.FSAPRUTVID,E.FSAPRUT360, E.FSAPRUTFTE, F.FSAPRUTMIN, F.FSAPRUTVEH, F.FSAPDESCRI NOMBRECOLOR, F.FIDAPCOLOR  FROM PRODAPPS.APCAPMAR A
                        
                        INNER JOIN PRODAPPS.APCMODEL B
                        ON A.FIAPIDMARC = B.FIAPIDMARC
                        AND B.FIAPSTATUS = 1

                        INNER JOIN PRODAPPS.APCVERSI C
                        ON B.FNMODEIDM = C.FNMODEIDM
                        AND B.FIAPIDMARC = C.FIAPIDMARC
                        AND B.FIAPANIO = C.FIAPANIO
                        AND C.FIAPSTATUS = 1

                        INNER JOIN PRODAPPS.APCTRANS D
                        ON C.FNVERSIDV =  D.FNVERSIDV
                        AND D.FIAPSTATUS = 1

                        INNER JOIN PRODAPPS.APDDETVE E
                        ON D.FNVERSIDV = E.FNVERSIDV
                        AND E.FIAPSTATUS = 1

                        INNER JOIN PRODAPPS.APCCOLOR F
                        ON E.FNVERSIDV = F.FNVERSIDV
                        AND F.FIAPSTATUS= 1

                        WHERE B.FIAPIDMARC= 41  ORDER BY  CASE B.FNMODEIDM
                                             WHEN '131' THEN 1
                                             WHEN '1344' THEN 2
                                             WHEN '141' THEN 3
                                             WHEN '2' THEN 4
                                             WHEN '1236' THEN 5
                                             WHEN '1454' THEN 6
                                             END, C.FDAPPRECIO ASC

09:08:43.59   CurrentProcessId: 5268	JobName:780563/QUSER/QZDASOINIT     
 
SELECT  FNVERSIDV VERSION, FNMODEIDM IDMODELO, FIAPIDMARC MARCA FROM PRODAPPS.APCVERMX WHERE FIAPIDMARC = 41 AND FNVERSIDV = 37199  AND FIAPSTATUS= 1

09:08:43.88   CurrentProcessId: 5268	JobName:780563/QUSER/QZDASOINIT     
 
SELECT  FNVERSIDV VERSION, FNMODEIDM IDMODELO, FIAPIDMARC MARCA FROM PRODAPPS.APCVERMX WHERE FIAPIDMARC = 41 AND FNVERSIDV = 37290  AND FIAPSTATUS= 1

09:08:44.15   CurrentProcessId: 5268	JobName:780564/QUSER/QZDASOINIT     
 
SELECT  FNVERSIDV VERSION, FNMODEIDM IDMODELO, FIAPIDMARC MARCA FROM PRODAPPS.APCVERMX WHERE FIAPIDMARC = 41 AND FNVERSIDV = 37180  AND FIAPSTATUS= 1

09:08:44.41   CurrentProcessId: 5268	JobName:780564/QUSER/QZDASOINIT     
 
SELECT  FNVERSIDV VERSION, FNMODEIDM IDMODELO, FIAPIDMARC MARCA FROM PRODAPPS.APCVERMX WHERE FIAPIDMARC = 41 AND FNVERSIDV = 37292  AND FIAPSTATUS= 1

09:08:44.71   CurrentProcessId: 5268	JobName:780563/QUSER/QZDASOINIT     
 
SELECT  FNVERSIDV VERSION, FNMODEIDM IDMODELO, FIAPIDMARC MARCA FROM PRODAPPS.APCVERMX WHERE FIAPIDMARC = 41 AND FNVERSIDV = 37181  AND FIAPSTATUS= 1

09:08:44.97   CurrentProcessId: 5268	JobName:780564/QUSER/QZDASOINIT     
 
SELECT  FNVERSIDV VERSION, FNMODEIDM IDMODELO, FIAPIDMARC MARCA FROM PRODAPPS.APCVERMX WHERE FIAPIDMARC = 41 AND FNVERSIDV = 37192  AND FIAPSTATUS= 1

09:08:45.24   CurrentProcessId: 5268	JobName:780565/QUSER/QZDASOINIT     
 
SELECT  FNVERSIDV VERSION, FNMODEIDM IDMODELO, FIAPIDMARC MARCA FROM PRODAPPS.APCVERMX WHERE FIAPIDMARC = 41 AND FNVERSIDV = 37237  AND FIAPSTATUS= 1

09:08:45.54   CurrentProcessId: 5268	JobName:780565/QUSER/QZDASOINIT     
 
SELECT  FNVERSIDV VERSION, FNMODEIDM IDMODELO, FIAPIDMARC MARCA FROM PRODAPPS.APCVERMX WHERE FIAPIDMARC = 41 AND FNVERSIDV = 37179  AND FIAPSTATUS= 1

09:08:45.83   CurrentProcessId: 5268	JobName:780565/QUSER/QZDASOINIT     
 
SELECT  FNVERSIDV VERSION, FNMODEIDM IDMODELO, FIAPIDMARC MARCA FROM PRODAPPS.APCVERMX WHERE FIAPIDMARC = 41 AND FNVERSIDV = 37178  AND FIAPSTATUS= 1

09:08:46.13   CurrentProcessId: 5268	JobName:780566/QUSER/QZDASOINIT     
 
SELECT  FNVERSIDV VERSION, FNMODEIDM IDMODELO, FIAPIDMARC MARCA FROM PRODAPPS.APCVERMX WHERE FIAPIDMARC = 41 AND FNVERSIDV = 37720  AND FIAPSTATUS= 1

09:08:46.41   CurrentProcessId: 5268	JobName:780568/QUSER/QZDASOINIT     
 
SELECT  FNVERSIDV VERSION, FNMODEIDM IDMODELO, FIAPIDMARC MARCA FROM PRODAPPS.APCVERMX WHERE FIAPIDMARC = 41 AND FNVERSIDV = 37692  AND FIAPSTATUS= 1

09:08:46.70   CurrentProcessId: 5268	JobName:780567/QUSER/QZDASOINIT     
 
SELECT  FNVERSIDV VERSION, FNMODEIDM IDMODELO, FIAPIDMARC MARCA FROM PRODAPPS.APCVERMX WHERE FIAPIDMARC = 41 AND FNVERSIDV = 2  AND FIAPSTATUS= 1

09:08:46.99   CurrentProcessId: 5268	JobName:780567/QUSER/QZDASOINIT     
 
SELECT  FNVERSIDV VERSION, FNMODEIDM IDMODELO, FIAPIDMARC MARCA FROM PRODAPPS.APCVERMX WHERE FIAPIDMARC = 41 AND FNVERSIDV = 37238  AND FIAPSTATUS= 1

09:08:47.28   CurrentProcessId: 5268	JobName:780565/QUSER/QZDASOINIT     
 
SELECT  FNVERSIDV VERSION, FNMODEIDM IDMODELO, FIAPIDMARC MARCA FROM PRODAPPS.APCVERMX WHERE FIAPIDMARC = 41 AND FNVERSIDV = 37239  AND FIAPSTATUS= 1

09:08:47.56   CurrentProcessId: 5268	JobName:780570/QUSER/QZDASOINIT     
 
SELECT  FNVERSIDV VERSION, FNMODEIDM IDMODELO, FIAPIDMARC MARCA FROM PRODAPPS.APCVERMX WHERE FIAPIDMARC = 41 AND FNVERSIDV = 37301  AND FIAPSTATUS= 1

09:08:47.84   CurrentProcessId: 5268	JobName:780570/QUSER/QZDASOINIT     
 
SELECT  FNVERSIDV VERSION, FNMODEIDM IDMODELO, FIAPIDMARC MARCA FROM PRODAPPS.APCVERMX WHERE FIAPIDMARC = 41 AND FNVERSIDV = 37023  AND FIAPSTATUS= 1

09:08:48.11   CurrentProcessId: 5268	JobName:780561/QUSER/QZDASOINIT     
 
SELECT  FNVERSIDV VERSION, FNMODEIDM IDMODELO, FIAPIDMARC MARCA FROM PRODAPPS.APCVERMX WHERE FIAPIDMARC = 41 AND FNVERSIDV = 37086  AND FIAPSTATUS= 1

09:08:48.38   CurrentProcessId: 5268	JobName:780564/QUSER/QZDASOINIT     
 
SELECT  FNVERSIDV VERSION, FNMODEIDM IDMODELO, FIAPIDMARC MARCA FROM PRODAPPS.APCVERMX WHERE FIAPIDMARC = 41 AND FNVERSIDV = 37020  AND FIAPSTATUS= 1

09:09:07.59   CurrentProcessId: 5268
 
new DB2(DB2, 192.192.192.2, , )

09:09:07.77   CurrentProcessId: 5268	JobName:780569/QUSER/QZDASOINIT     
 
SELECT  B.FNMODEIDM,  B.FIAPIDMARC ,B.FSAPDESCRI NOMBREMODELO, B.FIAPANIO,C.FNVERSIDV, C.FDAPPRECIO, C.FDAPPRECIL, C.FSAPDESCRI NOMBREVERSION, D.FSAPTRANSM,E.FSAPATRIB1,E.FSAPATRIB2,E.FSAPATRIB3,E.FSAPATRIB4,E.FSAPATRIB5, E.FSAPATRIB6,E.FSAPRUTVID,E.FSAPRUT360, E.FSAPRUTFTE, F.FSAPRUTMIN, F.FSAPRUTVEH, F.FSAPDESCRI NOMBRECOLOR, F.FIDAPCOLOR  FROM PRODAPPS.APCAPMAR A
                        
                        INNER JOIN PRODAPPS.APCMODEL B
                        ON A.FIAPIDMARC = B.FIAPIDMARC
                        AND B.FIAPSTATUS = 1

                        INNER JOIN PRODAPPS.APCVERSI C
                        ON B.FNMODEIDM = C.FNMODEIDM
                        AND B.FIAPIDMARC = C.FIAPIDMARC
                        AND B.FIAPANIO = C.FIAPANIO
                        AND C.FIAPSTATUS = 1

                        INNER JOIN PRODAPPS.APCTRANS D
                        ON C.FNVERSIDV =  D.FNVERSIDV
                        AND D.FIAPSTATUS = 1

                        INNER JOIN PRODAPPS.APDDETVE E
                        ON D.FNVERSIDV = E.FNVERSIDV
                        AND E.FIAPSTATUS = 1

                        INNER JOIN PRODAPPS.APCCOLOR F
                        ON E.FNVERSIDV = F.FNVERSIDV
                        AND F.FIAPSTATUS= 1

                        WHERE B.FIAPIDMARC= 41  ORDER BY  CASE B.FNMODEIDM
                                             WHEN '131' THEN 1
                                             WHEN '1344' THEN 2
                                             WHEN '141' THEN 3
                                             WHEN '2' THEN 4
                                             WHEN '1236' THEN 5
                                             WHEN '1454' THEN 6
                                             END, C.FDAPPRECIO ASC

09:09:08.08   CurrentProcessId: 5268	JobName:780569/QUSER/QZDASOINIT     
 
SELECT  FNVERSIDV VERSION, FNMODEIDM IDMODELO, FIAPIDMARC MARCA FROM PRODAPPS.APCVERMX WHERE FIAPIDMARC = 41 AND FNVERSIDV = 37199  AND FIAPSTATUS= 1

09:09:08.34   CurrentProcessId: 5268	JobName:780569/QUSER/QZDASOINIT     
 
SELECT  FNVERSIDV VERSION, FNMODEIDM IDMODELO, FIAPIDMARC MARCA FROM PRODAPPS.APCVERMX WHERE FIAPIDMARC = 41 AND FNVERSIDV = 37290  AND FIAPSTATUS= 1

09:09:08.60   CurrentProcessId: 5268	JobName:780569/QUSER/QZDASOINIT     
 
SELECT  FNVERSIDV VERSION, FNMODEIDM IDMODELO, FIAPIDMARC MARCA FROM PRODAPPS.APCVERMX WHERE FIAPIDMARC = 41 AND FNVERSIDV = 37180  AND FIAPSTATUS= 1

09:09:08.85   CurrentProcessId: 5268	JobName:780565/QUSER/QZDASOINIT     
 
SELECT  FNVERSIDV VERSION, FNMODEIDM IDMODELO, FIAPIDMARC MARCA FROM PRODAPPS.APCVERMX WHERE FIAPIDMARC = 41 AND FNVERSIDV = 37292  AND FIAPSTATUS= 1

09:09:09.11   CurrentProcessId: 5268	JobName:780576/QUSER/QZDASOINIT     
 
SELECT  FNVERSIDV VERSION, FNMODEIDM IDMODELO, FIAPIDMARC MARCA FROM PRODAPPS.APCVERMX WHERE FIAPIDMARC = 41 AND FNVERSIDV = 37181  AND FIAPSTATUS= 1

09:09:09.37   CurrentProcessId: 5268	JobName:780575/QUSER/QZDASOINIT     
 
SELECT  FNVERSIDV VERSION, FNMODEIDM IDMODELO, FIAPIDMARC MARCA FROM PRODAPPS.APCVERMX WHERE FIAPIDMARC = 41 AND FNVERSIDV = 37192  AND FIAPSTATUS= 1

09:09:09.63   CurrentProcessId: 5268	JobName:780575/QUSER/QZDASOINIT     
 
SELECT  FNVERSIDV VERSION, FNMODEIDM IDMODELO, FIAPIDMARC MARCA FROM PRODAPPS.APCVERMX WHERE FIAPIDMARC = 41 AND FNVERSIDV = 37237  AND FIAPSTATUS= 1

09:09:09.89   CurrentProcessId: 5268	JobName:780575/QUSER/QZDASOINIT     
 
SELECT  FNVERSIDV VERSION, FNMODEIDM IDMODELO, FIAPIDMARC MARCA FROM PRODAPPS.APCVERMX WHERE FIAPIDMARC = 41 AND FNVERSIDV = 37179  AND FIAPSTATUS= 1

09:09:10.15   CurrentProcessId: 5268	JobName:780575/QUSER/QZDASOINIT     
 
SELECT  FNVERSIDV VERSION, FNMODEIDM IDMODELO, FIAPIDMARC MARCA FROM PRODAPPS.APCVERMX WHERE FIAPIDMARC = 41 AND FNVERSIDV = 37178  AND FIAPSTATUS= 1

09:09:10.41   CurrentProcessId: 5268	JobName:780576/QUSER/QZDASOINIT     
 
SELECT  FNVERSIDV VERSION, FNMODEIDM IDMODELO, FIAPIDMARC MARCA FROM PRODAPPS.APCVERMX WHERE FIAPIDMARC = 41 AND FNVERSIDV = 37720  AND FIAPSTATUS= 1

09:09:10.67   CurrentProcessId: 5268	JobName:780576/QUSER/QZDASOINIT     
 
SELECT  FNVERSIDV VERSION, FNMODEIDM IDMODELO, FIAPIDMARC MARCA FROM PRODAPPS.APCVERMX WHERE FIAPIDMARC = 41 AND FNVERSIDV = 37692  AND FIAPSTATUS= 1

09:09:10.94   CurrentProcessId: 5268	JobName:780576/QUSER/QZDASOINIT     
 
SELECT  FNVERSIDV VERSION, FNMODEIDM IDMODELO, FIAPIDMARC MARCA FROM PRODAPPS.APCVERMX WHERE FIAPIDMARC = 41 AND FNVERSIDV = 2  AND FIAPSTATUS= 1

09:09:11.21   CurrentProcessId: 5268	JobName:780576/QUSER/QZDASOINIT     
 
SELECT  FNVERSIDV VERSION, FNMODEIDM IDMODELO, FIAPIDMARC MARCA FROM PRODAPPS.APCVERMX WHERE FIAPIDMARC = 41 AND FNVERSIDV = 37238  AND FIAPSTATUS= 1

09:09:11.48   CurrentProcessId: 5268	JobName:780576/QUSER/QZDASOINIT     
 
SELECT  FNVERSIDV VERSION, FNMODEIDM IDMODELO, FIAPIDMARC MARCA FROM PRODAPPS.APCVERMX WHERE FIAPIDMARC = 41 AND FNVERSIDV = 37239  AND FIAPSTATUS= 1

09:09:11.74   CurrentProcessId: 5268	JobName:780576/QUSER/QZDASOINIT     
 
SELECT  FNVERSIDV VERSION, FNMODEIDM IDMODELO, FIAPIDMARC MARCA FROM PRODAPPS.APCVERMX WHERE FIAPIDMARC = 41 AND FNVERSIDV = 37301  AND FIAPSTATUS= 1

09:09:12.01   CurrentProcessId: 5268	JobName:780030/QUSER/QZDASOINIT     
 
SELECT  FNVERSIDV VERSION, FNMODEIDM IDMODELO, FIAPIDMARC MARCA FROM PRODAPPS.APCVERMX WHERE FIAPIDMARC = 41 AND FNVERSIDV = 37023  AND FIAPSTATUS= 1

09:09:12.27   CurrentProcessId: 5268	JobName:780576/QUSER/QZDASOINIT     
 
SELECT  FNVERSIDV VERSION, FNMODEIDM IDMODELO, FIAPIDMARC MARCA FROM PRODAPPS.APCVERMX WHERE FIAPIDMARC = 41 AND FNVERSIDV = 37086  AND FIAPSTATUS= 1

09:09:12.53   CurrentProcessId: 5268	JobName:780030/QUSER/QZDASOINIT     
 
SELECT  FNVERSIDV VERSION, FNMODEIDM IDMODELO, FIAPIDMARC MARCA FROM PRODAPPS.APCVERMX WHERE FIAPIDMARC = 41 AND FNVERSIDV = 37020  AND FIAPSTATUS= 1

09:23:26.16   CurrentProcessId: 5268
 
new DB2(DB2, 192.192.192.2, , )

09:23:26.31   CurrentProcessId: 5268	JobName:780864/QUSER/QZDASOINIT     
 
SELECT ape.FIAPIDCOMP IDCOMPRA, ape.FIAPIDAPPS, ape.FIAPIDMARC, ape.FIAPFOLCOM, ape.FIAPIDCUEN IDCUENTA, ape.FFAPFECCOM, ape.FHAPHORCOM, ape.FDAPSUBTOT SUBTOTAL, ape.FDAPDESCUE DESCUENTO, ape.FDAPIVA IVA, ape.FDAPTOTAL TOTAL, ape.FSAPRUTRFB, ape.FIAPIDESTA,  est.FSAPESTADO, ape.FIAPIDPROC, ape.FIAPIDPASO PASO, dan.FIAPIDCIAU, dan.FIAPIDPEDI, dan.FFAPFECPED, dan.FHAPHORPED, dan.FIAPIDPERS, dan.FIAPIDVEHI, dan.FIAPIDINVE, dan.FSAPMODELO, dan.FSAPVERSIO, dan.FSAPTRANSM ,dan.FSAPCOLEXT, dan.FSAPNUMINV,dan.FSAPNUMSER, dan.FDAPSUBTOT SUBTOTALPEDIDO, dan.FDAPDESCUE, dan.FDAPIVA IVAPEDIDO, dan.FDAPTOTAL TOTALPEDIDO, dan.FIAPCOTSEG, dan.FSAPRUTFOT,CUENTA.FSAPNOMBRE, CUENTA.FSAPAPEPAT, CUENTA.FSAPAPEMAT, CUENTA.FSAPCORREO, CUENTA.FIAPLADMOV, CUENTA.FIAPNUMMOV FROM PRODapps.APECMPVW ape 
                                INNER JOIN PRODapps.APCESCVW est ON ape.FIAPIDESTA = est.FIAPIDESTA 
                                INNER JOIN PRODapps.APEPANVW dan ON dan.FIAPIDCOMP = ape.FIAPIDCOMP 
                                AND  dan.FIAPIDMARC = ape.FIAPIDMARC 
                                INNER JOIN PRODAPPS.APCCTAVW CUENTA ON 
                                ape.FIAPIDCUEN = CUENTA.FIAPIDCUEN 
                                AND ape.FIAPIDAPPS= CUENTA.FIAPIDAPPS 
                                WHERE 1 = 1 
                                AND ape.FIAPSTATUS = 1  AND ape.FIAPIDAPPS= 1  ORDER BY ape.FIAPIDCOMP ASC

09:24:37.80   CurrentProcessId: 5268
 
new DB2(DB2, 192.192.192.2, , )

09:24:37.95   CurrentProcessId: 5268	JobName:780735/QUSER/QZDASOINIT     
 
SELECT ape.FIAPIDCOMP IDCOMPRA, ape.FIAPIDAPPS, ape.FIAPIDMARC, ape.FIAPFOLCOM, ape.FIAPIDCUEN IDCUENTA, ape.FFAPFECCOM, ape.FHAPHORCOM, ape.FDAPSUBTOT SUBTOTAL, ape.FDAPDESCUE DESCUENTO, ape.FDAPIVA IVA, ape.FDAPTOTAL TOTAL, ape.FSAPRUTRFB, ape.FIAPIDESTA,  est.FSAPESTADO, ape.FIAPIDPROC, ape.FIAPIDPASO PASO, dan.FIAPIDCIAU, dan.FIAPIDPEDI, dan.FFAPFECPED, dan.FHAPHORPED, dan.FIAPIDPERS, dan.FIAPIDVEHI, dan.FIAPIDINVE, dan.FSAPMODELO, dan.FSAPVERSIO, dan.FSAPTRANSM ,dan.FSAPCOLEXT, dan.FSAPNUMINV,dan.FSAPNUMSER, dan.FDAPSUBTOT SUBTOTALPEDIDO, dan.FDAPDESCUE, dan.FDAPIVA IVAPEDIDO, dan.FDAPTOTAL TOTALPEDIDO, dan.FIAPCOTSEG, dan.FSAPRUTFOT,CUENTA.FSAPNOMBRE, CUENTA.FSAPAPEPAT, CUENTA.FSAPAPEMAT, CUENTA.FSAPCORREO, CUENTA.FIAPLADMOV, CUENTA.FIAPNUMMOV FROM PRODapps.APECMPVW ape 
                                INNER JOIN PRODapps.APCESCVW est ON ape.FIAPIDESTA = est.FIAPIDESTA 
                                INNER JOIN PRODapps.APEPANVW dan ON dan.FIAPIDCOMP = ape.FIAPIDCOMP 
                                AND  dan.FIAPIDMARC = ape.FIAPIDMARC 
                                INNER JOIN PRODAPPS.APCCTAVW CUENTA ON 
                                ape.FIAPIDCUEN = CUENTA.FIAPIDCUEN 
                                AND ape.FIAPIDAPPS= CUENTA.FIAPIDAPPS 
                                WHERE 1 = 1 
                                AND ape.FIAPSTATUS = 1  AND ape.FIAPIDAPPS= 1  ORDER BY ape.FIAPIDCOMP ASC

09:25:22.12   CurrentProcessId: 5268
 
new DB2(DB2, 192.192.192.2, , )

09:25:22.28   CurrentProcessId: 5268	JobName:779748/QUSER/QZDASOINIT     
 
SELECT ape.FIAPIDCOMP IDCOMPRA, ape.FIAPIDAPPS, ape.FIAPIDMARC, ape.FIAPFOLCOM, ape.FIAPIDCUEN IDCUENTA, ape.FFAPFECCOM, ape.FHAPHORCOM, ape.FDAPSUBTOT SUBTOTAL, ape.FDAPDESCUE DESCUENTO, ape.FDAPIVA IVA, ape.FDAPTOTAL TOTAL, ape.FSAPRUTRFB, ape.FIAPIDESTA,  est.FSAPESTADO, ape.FIAPIDPROC, ape.FIAPIDPASO PASO, dan.FIAPIDCIAU, dan.FIAPIDPEDI, dan.FFAPFECPED, dan.FHAPHORPED, dan.FIAPIDPERS, dan.FIAPIDVEHI, dan.FIAPIDINVE, dan.FSAPMODELO, dan.FSAPVERSIO, dan.FSAPTRANSM ,dan.FSAPCOLEXT, dan.FSAPNUMINV,dan.FSAPNUMSER, dan.FDAPSUBTOT SUBTOTALPEDIDO, dan.FDAPDESCUE, dan.FDAPIVA IVAPEDIDO, dan.FDAPTOTAL TOTALPEDIDO, dan.FIAPCOTSEG, dan.FSAPRUTFOT,CUENTA.FSAPNOMBRE, CUENTA.FSAPAPEPAT, CUENTA.FSAPAPEMAT, CUENTA.FSAPCORREO, CUENTA.FIAPLADMOV, CUENTA.FIAPNUMMOV FROM PRODapps.APECMPVW ape 
                                INNER JOIN PRODapps.APCESCVW est ON ape.FIAPIDESTA = est.FIAPIDESTA 
                                INNER JOIN PRODapps.APEPANVW dan ON dan.FIAPIDCOMP = ape.FIAPIDCOMP 
                                AND  dan.FIAPIDMARC = ape.FIAPIDMARC 
                                INNER JOIN PRODAPPS.APCCTAVW CUENTA ON 
                                ape.FIAPIDCUEN = CUENTA.FIAPIDCUEN 
                                AND ape.FIAPIDAPPS= CUENTA.FIAPIDAPPS 
                                WHERE 1 = 1 
                                AND ape.FIAPSTATUS = 1  AND ape.FIAPIDAPPS= 1  ORDER BY ape.FIAPIDCOMP ASC

10:03:54.45   CurrentProcessId: 5268
 
new DB2(DB2, 192.192.192.2, , )

10:03:54.66   CurrentProcessId: 5268	JobName:780150/QUSER/QZDASOINIT     
 
SELECT ape.FIAPIDCOMP IDCOMPRA, ape.FIAPIDAPPS, ape.FIAPIDMARC, ape.FIAPFOLCOM, ape.FIAPIDCUEN IDCUENTA, ape.FFAPFECCOM, ape.FHAPHORCOM, ape.FDAPSUBTOT SUBTOTAL, ape.FDAPDESCUE DESCUENTO, ape.FDAPIVA IVA, ape.FDAPTOTAL TOTAL, ape.FSAPRUTRFB, ape.FIAPIDESTA,  est.FSAPESTADO, ape.FIAPIDPROC, ape.FIAPIDPASO PASO, dan.FIAPIDCIAU, dan.FIAPIDPEDI, dan.FFAPFECPED, dan.FHAPHORPED, dan.FIAPIDPERS, dan.FIAPIDVEHI, dan.FIAPIDINVE, dan.FSAPMODELO, dan.FSAPVERSIO, dan.FSAPTRANSM ,dan.FSAPCOLEXT, dan.FSAPNUMINV,dan.FSAPNUMSER, dan.FDAPSUBTOT SUBTOTALPEDIDO, dan.FDAPDESCUE, dan.FDAPIVA IVAPEDIDO, dan.FDAPTOTAL TOTALPEDIDO, dan.FIAPCOTSEG, dan.FSAPRUTFOT,CUENTA.FSAPNOMBRE, CUENTA.FSAPAPEPAT, CUENTA.FSAPAPEMAT, CUENTA.FSAPCORREO, CUENTA.FIAPLADMOV, CUENTA.FIAPNUMMOV FROM PRODapps.APECMPVW ape 
                                INNER JOIN PRODapps.APCESCVW est ON ape.FIAPIDESTA = est.FIAPIDESTA 
                                INNER JOIN PRODapps.APEPANVW dan ON dan.FIAPIDCOMP = ape.FIAPIDCOMP 
                                AND  dan.FIAPIDMARC = ape.FIAPIDMARC 
                                INNER JOIN PRODAPPS.APCCTAVW CUENTA ON 
                                ape.FIAPIDCUEN = CUENTA.FIAPIDCUEN 
                                AND ape.FIAPIDAPPS= CUENTA.FIAPIDAPPS 
                                WHERE 1 = 1 
                                AND ape.FIAPSTATUS = 1  AND ape.FIAPIDAPPS= 2  ORDER BY ape.FIAPIDCOMP ASC

10:04:16.82   CurrentProcessId: 5268
 
new DB2(DB2, 192.192.192.2, , )

10:04:17.16   CurrentProcessId: 5268	JobName:779927/QUSER/QZDASOINIT     
 
SELECT ape.FIAPIDCOMP IDCOMPRA, ape.FIAPIDAPPS, ape.FIAPIDMARC, ape.FIAPFOLCOM, ape.FIAPIDCUEN IDCUENTA, ape.FFAPFECCOM, ape.FHAPHORCOM, ape.FDAPSUBTOT SUBTOTAL, ape.FDAPDESCUE DESCUENTO, ape.FDAPIVA IVA, ape.FDAPTOTAL TOTAL, ape.FSAPRUTRFB, ape.FIAPIDESTA,  est.FSAPESTADO, ape.FIAPIDPROC, ape.FIAPIDPASO PASO, dan.FIAPIDCIAU, dan.FIAPIDPEDI, dan.FFAPFECPED, dan.FHAPHORPED, dan.FIAPIDPERS, dan.FIAPIDVEHI, dan.FIAPIDINVE, dan.FSAPMODELO, dan.FSAPVERSIO, dan.FSAPTRANSM ,dan.FSAPCOLEXT, dan.FSAPNUMINV,dan.FSAPNUMSER, dan.FDAPSUBTOT SUBTOTALPEDIDO, dan.FDAPDESCUE, dan.FDAPIVA IVAPEDIDO, dan.FDAPTOTAL TOTALPEDIDO, dan.FIAPCOTSEG, dan.FSAPRUTFOT,CUENTA.FSAPNOMBRE, CUENTA.FSAPAPEPAT, CUENTA.FSAPAPEMAT, CUENTA.FSAPCORREO, CUENTA.FIAPLADMOV, CUENTA.FIAPNUMMOV FROM PRODapps.APECMPVW ape 
                                INNER JOIN PRODapps.APCESCVW est ON ape.FIAPIDESTA = est.FIAPIDESTA 
                                INNER JOIN PRODapps.APEPANVW dan ON dan.FIAPIDCOMP = ape.FIAPIDCOMP 
                                AND  dan.FIAPIDMARC = ape.FIAPIDMARC 
                                INNER JOIN PRODAPPS.APCCTAVW CUENTA ON 
                                ape.FIAPIDCUEN = CUENTA.FIAPIDCUEN 
                                AND ape.FIAPIDAPPS= CUENTA.FIAPIDAPPS 
                                WHERE 1 = 1 
                                AND ape.FIAPSTATUS = 1  AND ape.FIAPIDAPPS= 2  ORDER BY ape.FIAPIDCOMP ASC

11:06:33.76   CurrentProcessId: 13820
 
new DB2(DB2, 192.192.192.2, , )

11:06:33.95   CurrentProcessId: 13820	JobName:780776/QUSER/QZDASOINIT     
 
SELECT ape.FIAPIDCOMP IDCOMPRA, ape.FIAPIDAPPS, ape.FIAPIDMARC, ape.FIAPFOLCOM, ape.FIAPIDCUEN IDCUENTA, ape.FFAPFECCOM, ape.FHAPHORCOM, ape.FDAPSUBTOT SUBTOTAL, ape.FDAPDESCUE DESCUENTO, ape.FDAPIVA IVA, ape.FDAPTOTAL TOTAL, ape.FSAPRUTRFB, ape.FIAPIDESTA,  est.FSAPESTADO, ape.FIAPIDPROC, ape.FIAPIDPASO PASO, dan.FIAPIDCIAU, dan.FIAPIDPEDI, dan.FFAPFECPED, dan.FHAPHORPED, dan.FIAPIDPERS, dan.FIAPIDVEHI, dan.FIAPIDINVE, dan.FSAPMODELO, dan.FSAPVERSIO, dan.FSAPTRANSM ,dan.FSAPCOLEXT, dan.FSAPNUMINV,dan.FSAPNUMSER, dan.FDAPSUBTOT SUBTOTALPEDIDO, dan.FDAPDESCUE, dan.FDAPIVA IVAPEDIDO, dan.FDAPTOTAL TOTALPEDIDO, dan.FIAPCOTSEG, dan.FSAPRUTFOT,CUENTA.FSAPNOMBRE, CUENTA.FSAPAPEPAT, CUENTA.FSAPAPEMAT, CUENTA.FSAPCORREO, CUENTA.FIAPLADMOV, CUENTA.FIAPNUMMOV FROM PRODapps.APECMPVW ape 
                                INNER JOIN PRODapps.APCESCVW est ON ape.FIAPIDESTA = est.FIAPIDESTA 
                                INNER JOIN PRODapps.APEPANVW dan ON dan.FIAPIDCOMP = ape.FIAPIDCOMP 
                                AND  dan.FIAPIDMARC = ape.FIAPIDMARC 
                                INNER JOIN PRODAPPS.APCCTAVW CUENTA ON 
                                ape.FIAPIDCUEN = CUENTA.FIAPIDCUEN 
                                AND ape.FIAPIDAPPS= CUENTA.FIAPIDAPPS 
                                WHERE 1 = 1 
                                AND ape.FIAPSTATUS = 1  AND ape.FIAPIDAPPS= 1  ORDER BY ape.FIAPIDCOMP ASC

11:27:12.35   CurrentProcessId: 13820
 
new DB2(DB2, 192.192.192.2, , )

11:27:12.58   CurrentProcessId: 13820	JobName:781580/QUSER/QZDASOINIT     
 
SELECT  B.FNMODEIDM,  B.FIAPIDMARC ,B.FSAPDESCRI NOMBREMODELO, B.FIAPANIO,C.FNVERSIDV, C.FDAPPRECIO, C.FDAPPRECIL, C.FSAPDESCRI NOMBREVERSION, D.FSAPTRANSM,E.FSAPATRIB1,E.FSAPATRIB2,E.FSAPATRIB3,E.FSAPATRIB4,E.FSAPATRIB5, E.FSAPATRIB6,E.FSAPRUTVID,E.FSAPRUT360, E.FSAPRUTFTE, F.FSAPRUTMIN, F.FSAPRUTVEH, F.FSAPDESCRI NOMBRECOLOR, F.FIDAPCOLOR  FROM PRODAPPS.APCAPMAR A
                        
                        INNER JOIN PRODAPPS.APCMODEL B
                        ON A.FIAPIDMARC = B.FIAPIDMARC
                        AND B.FIAPSTATUS = 1

                        INNER JOIN PRODAPPS.APCVERSI C
                        ON B.FNMODEIDM = C.FNMODEIDM
                        AND B.FIAPIDMARC = C.FIAPIDMARC
                        AND B.FIAPANIO = C.FIAPANIO
                        AND C.FIAPSTATUS = 1

                        INNER JOIN PRODAPPS.APCTRANS D
                        ON C.FNVERSIDV =  D.FNVERSIDV
                        AND D.FIAPSTATUS = 1

                        INNER JOIN PRODAPPS.APDDETVE E
                        ON D.FNVERSIDV = E.FNVERSIDV
                        AND E.FIAPSTATUS = 1

                        INNER JOIN PRODAPPS.APCCOLOR F
                        ON E.FNVERSIDV = F.FNVERSIDV
                        AND F.FIAPSTATUS= 1

                        WHERE B.FIAPIDMARC= 39 ORDER BY B.FNMODEIDM ASC, C.FDAPPRECIO ASC

11:34:54.35   CurrentProcessId: 13820
 
new DB2(DB2, 192.192.192.2, , )

11:34:54.58   CurrentProcessId: 13820	JobName:781877/QUSER/QZDASOINIT     
 
SELECT  B.FNMODEIDM,  B.FIAPIDMARC ,B.FSAPDESCRI NOMBREMODELO, B.FIAPANIO,C.FNVERSIDV, C.FDAPPRECIO, C.FDAPPRECIL, C.FSAPDESCRI NOMBREVERSION, D.FSAPTRANSM,E.FSAPATRIB1,E.FSAPATRIB2,E.FSAPATRIB3,E.FSAPATRIB4,E.FSAPATRIB5, E.FSAPATRIB6,E.FSAPRUTVID,E.FSAPRUT360, E.FSAPRUTFTE, F.FSAPRUTMIN, F.FSAPRUTVEH, F.FSAPDESCRI NOMBRECOLOR, F.FIDAPCOLOR  FROM PRODAPPS.APCAPMAR A
                        
                        INNER JOIN PRODAPPS.APCMODEL B
                        ON A.FIAPIDMARC = B.FIAPIDMARC
                        AND B.FIAPSTATUS = 1

                        INNER JOIN PRODAPPS.APCVERSI C
                        ON B.FNMODEIDM = C.FNMODEIDM
                        AND B.FIAPIDMARC = C.FIAPIDMARC
                        AND B.FIAPANIO = C.FIAPANIO
                        AND C.FIAPSTATUS = 1

                        INNER JOIN PRODAPPS.APCTRANS D
                        ON C.FNVERSIDV =  D.FNVERSIDV
                        AND D.FIAPSTATUS = 1

                        INNER JOIN PRODAPPS.APDDETVE E
                        ON D.FNVERSIDV = E.FNVERSIDV
                        AND E.FIAPSTATUS = 1

                        INNER JOIN PRODAPPS.APCCOLOR F
                        ON E.FNVERSIDV = F.FNVERSIDV
                        AND F.FIAPSTATUS= 1

                        WHERE B.FIAPIDMARC= 31 ORDER BY B.FNMODEIDM ASC, C.FDAPPRECIO ASC

11:54:32.17   CurrentProcessId: 13820
 
new DB2(DB2, 192.192.192.2, , )

11:54:32.37   CurrentProcessId: 13820	JobName:780845/QUSER/QZDASOINIT     
 
SELECT  B.FNMODEIDM,  B.FIAPIDMARC ,B.FSAPDESCRI NOMBREMODELO, B.FIAPANIO,C.FNVERSIDV, C.FDAPPRECIO, C.FDAPPRECIL, C.FSAPDESCRI NOMBREVERSION, D.FSAPTRANSM,E.FSAPATRIB1,E.FSAPATRIB2,E.FSAPATRIB3,E.FSAPATRIB4,E.FSAPATRIB5, E.FSAPATRIB6,E.FSAPRUTVID,E.FSAPRUT360, E.FSAPRUTFTE, F.FSAPRUTMIN, F.FSAPRUTVEH, F.FSAPDESCRI NOMBRECOLOR, F.FIDAPCOLOR  FROM PRODAPPS.APCAPMAR A
                        
                        INNER JOIN PRODAPPS.APCMODEL B
                        ON A.FIAPIDMARC = B.FIAPIDMARC
                        AND B.FIAPSTATUS = 1

                        INNER JOIN PRODAPPS.APCVERSI C
                        ON B.FNMODEIDM = C.FNMODEIDM
                        AND B.FIAPIDMARC = C.FIAPIDMARC
                        AND B.FIAPANIO = C.FIAPANIO
                        AND C.FIAPSTATUS = 1

                        INNER JOIN PRODAPPS.APCTRANS D
                        ON C.FNVERSIDV =  D.FNVERSIDV
                        AND D.FIAPSTATUS = 1

                        INNER JOIN PRODAPPS.APDDETVE E
                        ON D.FNVERSIDV = E.FNVERSIDV
                        AND E.FIAPSTATUS = 1

                        INNER JOIN PRODAPPS.APCCOLOR F
                        ON E.FNVERSIDV = F.FNVERSIDV
                        AND F.FIAPSTATUS= 1

                        WHERE B.FIAPIDMARC= 39 ORDER BY B.FNMODEIDM ASC, C.FDAPPRECIO ASC

