DB2 - DB2 192.192.192.2 - PROD
#define

22:59:59.56   CurrentProcessId: 3604
 
new DB2(DB2, 192.192.192.2, , )

22:59:59.79   CurrentProcessId: 3604	JobName:776841/QUSER/QZDASOINIT     
 
SELECT ape.FIAPIDCOMP IDCOMPRA, ape.FIAPIDAPPS, ape.FIAPIDMARC, ape.FIAPFOLCOM, ape.FIAPIDCUEN IDCUENTA, ape.FFAPFECCOM, ape.FHAPHORCOM, ape.FDAPSUBTOT SUBTOTAL, ape.FDAPDESCUE DESCUENTO, ape.FDAPIVA IVA, ape.FDAPTOTAL TOTAL, ape.FSAPRUTRFB, ape.FIAPIDESTA,  est.FSAPESTADO, ape.FIAPIDPROC, ape.FIAPIDPASO PASO, dan.FIAPIDCIAU, dan.FIAPIDPEDI, dan.FFAPFECPED, dan.FHAPHORPED, dan.FIAPIDPERS, dan.FIAPIDVEHI, dan.FIAPIDINVE, dan.FSAPMODELO, dan.FSAPVERSIO, dan.FSAPTRANSM ,dan.FSAPCOLEXT, dan.FSAPNUMINV,dan.FSAPNUMSER, dan.FDAPSUBTOT SUBTOTALPEDIDO, dan.FDAPDESCUE, dan.FDAPIVA IVAPEDIDO, dan.FDAPTOTAL TOTALPEDIDO, dan.FIAPCOTSEG, dan.FSAPRUTFOT,CUENTA.FSAPNOMBRE, CUENTA.FSAPAPEPAT, CUENTA.FSAPAPEMAT, CUENTA.FSAPCORREO, CUENTA.FIAPLADMOV, CUENTA.FIAPNUMMOV FROM PRODapps.APECMPVW ape 
                                INNER JOIN PRODapps.APCESCVW est ON ape.FIAPIDESTA = est.FIAPIDESTA 
                                INNER JOIN PRODapps.APEPANVW dan ON dan.FIAPIDCOMP = ape.FIAPIDCOMP 
                                AND  dan.FIAPIDMARC = ape.FIAPIDMARC 
                                INNER JOIN PRODAPPS.APCCTAVW CUENTA ON 
                                ape.FIAPIDCUEN = CUENTA.FIAPIDCUEN 
                                AND ape.FIAPIDAPPS= CUENTA.FIAPIDAPPS 
                                WHERE 1 = 1 
                                AND ape.FIAPSTATUS = 1  AND ape.FIAPIDAPPS= 1  ORDER BY ape.FIAPIDCOMP ASC

23:02:39.74   CurrentProcessId: 3604
 
new DB2(DB2, 192.192.192.2, , )

23:02:40.10   CurrentProcessId: 3604	JobName:776939/QUSER/QZDASOINIT     
 
SELECT ape.FIAPIDCOMP IDCOMPRA, ape.FIAPIDAPPS, ape.FIAPIDMARC, ape.FIAPFOLCOM, ape.FIAPIDCUEN IDCUENTA, ape.FFAPFECCOM, ape.FHAPHORCOM, ape.FDAPSUBTOT SUBTOTAL, ape.FDAPDESCUE DESCUENTO, ape.FDAPIVA IVA, ape.FDAPTOTAL TOTAL, ape.FSAPRUTRFB, ape.FIAPIDESTA,  est.FSAPESTADO, ape.FIAPIDPROC, ape.FIAPIDPASO PASO, dan.FIAPIDCIAU, dan.FIAPIDPEDI, dan.FFAPFECPED, dan.FHAPHORPED, dan.FIAPIDPERS, dan.FIAPIDVEHI, dan.FIAPIDINVE, dan.FSAPMODELO, dan.FSAPVERSIO, dan.FSAPTRANSM ,dan.FSAPCOLEXT, dan.FSAPNUMINV,dan.FSAPNUMSER, dan.FDAPSUBTOT SUBTOTALPEDIDO, dan.FDAPDESCUE, dan.FDAPIVA IVAPEDIDO, dan.FDAPTOTAL TOTALPEDIDO, dan.FIAPCOTSEG, dan.FSAPRUTFOT,CUENTA.FSAPNOMBRE, CUENTA.FSAPAPEPAT, CUENTA.FSAPAPEMAT, CUENTA.FSAPCORREO, CUENTA.FIAPLADMOV, CUENTA.FIAPNUMMOV FROM PRODapps.APECMPVW ape 
                                INNER JOIN PRODapps.APCESCVW est ON ape.FIAPIDESTA = est.FIAPIDESTA 
                                INNER JOIN PRODapps.APEPANVW dan ON dan.FIAPIDCOMP = ape.FIAPIDCOMP 
                                AND  dan.FIAPIDMARC = ape.FIAPIDMARC 
                                INNER JOIN PRODAPPS.APCCTAVW CUENTA ON 
                                ape.FIAPIDCUEN = CUENTA.FIAPIDCUEN 
                                AND ape.FIAPIDAPPS= CUENTA.FIAPIDAPPS 
                                WHERE 1 = 1 
                                AND ape.FIAPSTATUS = 1  AND ape.FIAPIDAPPS= 1  ORDER BY ape.FIAPIDCOMP ASC

