DB2 - DB2 192.192.192.2 - PROD
#define

10:32:59.45   CurrentProcessId: 24280
 
new DB2(DB2, 192.192.192.2, , )

10:33:16.15   CurrentProcessId: 24280	JobName:748169/QUSER/QZDASOINIT     
 
SELECT  B.FNMODEIDM,  B.FIAPIDMARC ,B.FSAPDESCRI NOMBREMODELO, B.FIAPANIO,C.FNVERSIDV, C.FDAPPRECIO, C.FDAPPRECIL, C.FSAPDESCRI NOMBREVERSION, D.FSAPTRANSM,E.FSAPATRIB1,E.FSAPATRIB2,E.FSAPATRIB3,E.FSAPATRIB4,E.FSAPATRIB5, E.FSAPATRIB6,E.FSAPRUTVID,E.FSAPRUT360, E.FSAPRUTFTE, F.FSAPRUTMIN, F.FSAPRUTVEH, F.FSAPDESCRI NOMBRECOLOR, F.FIDAPCOLOR  FROM PRODAPPS.APCAPMAR A
                        
                        INNER JOIN PRODAPPS.APCMODEL B
                        ON A.FIAPIDMARC = B.FIAPIDMARC
                        AND B.FIAPSTATUS = 1

                        INNER JOIN PRODAPPS.APCVERSI C
                        ON B.FNMODEIDM = C.FNMODEIDM
                        AND B.FIAPIDMARC = C.FIAPIDMARC
                        AND B.FIAPANIO = C.FIAPANIO
                        AND C.FIAPSTATUS = 1

                        INNER JOIN PRODAPPS.APCTRANS D
                        ON C.FNVERSIDV =  D.FNVERSIDV
                        AND D.FIAPSTATUS = 1

                        INNER JOIN PRODAPPS.APDDETVE E
                        ON D.FNVERSIDV = E.FNVERSIDV
                        AND E.FIAPSTATUS = 1

                        INNER JOIN PRODAPPS.APCCOLOR F
                        ON E.FNVERSIDV = F.FNVERSIDV
                        AND F.FIAPSTATUS= 1

                        WHERE B.FIAPIDMARC= 41  ORDER BY  CASE B.FNMODEIDM
                                             WHEN '131' THEN 1
                                             WHEN '1344' THEN 2
                                             WHEN '141' THEN 3
                                             WHEN '2' THEN 4
                                             WHEN '1236' THEN 5
                                             WHEN '1454' THEN 6
                                             END, C.FDAPPRECIO ASC

11:12:01.43   CurrentProcessId: 11972
 
new DB2(DB2, 192.192.192.2, , )

11:12:28.22   CurrentProcessId: 11972	JobName:747917/QUSER/QZDASOINIT     
 
SELECT  B.FNMODEIDM,  B.FIAPIDMARC ,B.FSAPDESCRI NOMBREMODELO, B.FIAPANIO,C.FNVERSIDV, C.FDAPPRECIO, C.FDAPPRECIL, C.FSAPDESCRI NOMBREVERSION, D.FSAPTRANSM,E.FSAPATRIB1,E.FSAPATRIB2,E.FSAPATRIB3,E.FSAPATRIB4,E.FSAPATRIB5, E.FSAPATRIB6,E.FSAPRUTVID,E.FSAPRUT360, E.FSAPRUTFTE, F.FSAPRUTMIN, F.FSAPRUTVEH, F.FSAPDESCRI NOMBRECOLOR, F.FIDAPCOLOR  FROM PRODAPPS.APCAPMAR A
                        
                        INNER JOIN PRODAPPS.APCMODEL B
                        ON A.FIAPIDMARC = B.FIAPIDMARC
                        AND B.FIAPSTATUS = 1

                        INNER JOIN PRODAPPS.APCVERSI C
                        ON B.FNMODEIDM = C.FNMODEIDM
                        AND B.FIAPIDMARC = C.FIAPIDMARC
                        AND B.FIAPANIO = C.FIAPANIO
                        AND C.FIAPSTATUS = 1

                        INNER JOIN PRODAPPS.APCTRANS D
                        ON C.FNVERSIDV =  D.FNVERSIDV
                        AND D.FIAPSTATUS = 1

                        INNER JOIN PRODAPPS.APDDETVE E
                        ON D.FNVERSIDV = E.FNVERSIDV
                        AND E.FIAPSTATUS = 1

                        INNER JOIN PRODAPPS.APCCOLOR F
                        ON E.FNVERSIDV = F.FNVERSIDV
                        AND F.FIAPSTATUS= 1

                        WHERE B.FIAPIDMARC= 41  ORDER BY  CASE B.FNMODEIDM
                                             WHEN '131' THEN 1
                                             WHEN '1344' THEN 2
                                             WHEN '141' THEN 3
                                             WHEN '2' THEN 4
                                             WHEN '1236' THEN 5
                                             WHEN '1454' THEN 6
                                             END, C.FDAPPRECIO ASC

11:12:57.24   CurrentProcessId: 11972	JobName:748174/QUSER/QZDASOINIT     
 
SELECT  FNVERSIDV VERSION, FNMODEIDM IDMODELO, FIAPIDMARC MARCA FROM PRODAPPS.APCVERMX WHERE FIAPIDMARC = 41 AND FNVERSIDV = 37199  AND FIAPSTATUS= 1

11:12:57.55   CurrentProcessId: 11972	JobName:748174/QUSER/QZDASOINIT     
 
SELECT  FNVERSIDV VERSION, FNMODEIDM IDMODELO, FIAPIDMARC MARCA FROM PRODAPPS.APCVERMX WHERE FIAPIDMARC = 41 AND FNVERSIDV = 37290  AND FIAPSTATUS= 1

11:12:57.86   CurrentProcessId: 11972	JobName:747788/QUSER/QZDASOINIT     
 
SELECT  FNVERSIDV VERSION, FNMODEIDM IDMODELO, FIAPIDMARC MARCA FROM PRODAPPS.APCVERMX WHERE FIAPIDMARC = 41 AND FNVERSIDV = 37180  AND FIAPSTATUS= 1

11:12:58.19   CurrentProcessId: 11972	JobName:747288/QUSER/QZDASOINIT     
 
SELECT  FNVERSIDV VERSION, FNMODEIDM IDMODELO, FIAPIDMARC MARCA FROM PRODAPPS.APCVERMX WHERE FIAPIDMARC = 41 AND FNVERSIDV = 37292  AND FIAPSTATUS= 1

11:13:01.79   CurrentProcessId: 11972	JobName:748416/QUSER/QZDASOINIT     
 
SELECT  FNVERSIDV VERSION, FNMODEIDM IDMODELO, FIAPIDMARC MARCA FROM PRODAPPS.APCVERMX WHERE FIAPIDMARC = 41 AND FNVERSIDV = 37181  AND FIAPSTATUS= 1

11:13:02.17   CurrentProcessId: 11972	JobName:747288/QUSER/QZDASOINIT     
 
SELECT  FNVERSIDV VERSION, FNMODEIDM IDMODELO, FIAPIDMARC MARCA FROM PRODAPPS.APCVERMX WHERE FIAPIDMARC = 41 AND FNVERSIDV = 37192  AND FIAPSTATUS= 1

11:13:02.48   CurrentProcessId: 11972	JobName:748416/QUSER/QZDASOINIT     
 
SELECT  FNVERSIDV VERSION, FNMODEIDM IDMODELO, FIAPIDMARC MARCA FROM PRODAPPS.APCVERMX WHERE FIAPIDMARC = 41 AND FNVERSIDV = 37237  AND FIAPSTATUS= 1

11:13:02.83   CurrentProcessId: 11972	JobName:747788/QUSER/QZDASOINIT     
 
SELECT  FNVERSIDV VERSION, FNMODEIDM IDMODELO, FIAPIDMARC MARCA FROM PRODAPPS.APCVERMX WHERE FIAPIDMARC = 41 AND FNVERSIDV = 37179  AND FIAPSTATUS= 1

11:13:03.15   CurrentProcessId: 11972	JobName:747788/QUSER/QZDASOINIT     
 
SELECT  FNVERSIDV VERSION, FNMODEIDM IDMODELO, FIAPIDMARC MARCA FROM PRODAPPS.APCVERMX WHERE FIAPIDMARC = 41 AND FNVERSIDV = 37178  AND FIAPSTATUS= 1

11:13:03.47   CurrentProcessId: 11972	JobName:748134/QUSER/QZDASOINIT     
 
SELECT  FNVERSIDV VERSION, FNMODEIDM IDMODELO, FIAPIDMARC MARCA FROM PRODAPPS.APCVERMX WHERE FIAPIDMARC = 41 AND FNVERSIDV = 37720  AND FIAPSTATUS= 1

11:13:03.78   CurrentProcessId: 11972	JobName:748134/QUSER/QZDASOINIT     
 
SELECT  FNVERSIDV VERSION, FNMODEIDM IDMODELO, FIAPIDMARC MARCA FROM PRODAPPS.APCVERMX WHERE FIAPIDMARC = 41 AND FNVERSIDV = 37692  AND FIAPSTATUS= 1

11:13:04.09   CurrentProcessId: 11972	JobName:748134/QUSER/QZDASOINIT     
 
SELECT  FNVERSIDV VERSION, FNMODEIDM IDMODELO, FIAPIDMARC MARCA FROM PRODAPPS.APCVERMX WHERE FIAPIDMARC = 41 AND FNVERSIDV = 2  AND FIAPSTATUS= 1

11:13:04.41   CurrentProcessId: 11972	JobName:748134/QUSER/QZDASOINIT     
 
SELECT  FNVERSIDV VERSION, FNMODEIDM IDMODELO, FIAPIDMARC MARCA FROM PRODAPPS.APCVERMX WHERE FIAPIDMARC = 41 AND FNVERSIDV = 37238  AND FIAPSTATUS= 1

11:13:04.71   CurrentProcessId: 11972	JobName:748134/QUSER/QZDASOINIT     
 
SELECT  FNVERSIDV VERSION, FNMODEIDM IDMODELO, FIAPIDMARC MARCA FROM PRODAPPS.APCVERMX WHERE FIAPIDMARC = 41 AND FNVERSIDV = 37239  AND FIAPSTATUS= 1

11:13:05.02   CurrentProcessId: 11972	JobName:748134/QUSER/QZDASOINIT     
 
SELECT  FNVERSIDV VERSION, FNMODEIDM IDMODELO, FIAPIDMARC MARCA FROM PRODAPPS.APCVERMX WHERE FIAPIDMARC = 41 AND FNVERSIDV = 37301  AND FIAPSTATUS= 1

11:13:05.34   CurrentProcessId: 11972	JobName:746164/QUSER/QZDASOINIT     
 
SELECT  FNVERSIDV VERSION, FNMODEIDM IDMODELO, FIAPIDMARC MARCA FROM PRODAPPS.APCVERMX WHERE FIAPIDMARC = 41 AND FNVERSIDV = 37023  AND FIAPSTATUS= 1

11:13:05.68   CurrentProcessId: 11972	JobName:747288/QUSER/QZDASOINIT     
 
SELECT  FNVERSIDV VERSION, FNMODEIDM IDMODELO, FIAPIDMARC MARCA FROM PRODAPPS.APCVERMX WHERE FIAPIDMARC = 41 AND FNVERSIDV = 37086  AND FIAPSTATUS= 1

11:13:06.01   CurrentProcessId: 11972	JobName:747288/QUSER/QZDASOINIT     
 
SELECT  FNVERSIDV VERSION, FNMODEIDM IDMODELO, FIAPIDMARC MARCA FROM PRODAPPS.APCVERMX WHERE FIAPIDMARC = 41 AND FNVERSIDV = 37020  AND FIAPSTATUS= 1

11:21:44.10   CurrentProcessId: 6464
 
new DB2(DB2, 192.192.192.2, , )

11:21:47.94   CurrentProcessId: 6464	JobName:745509/QUSER/QZDASOINIT     
 
SELECT  B.FNMODEIDM,  B.FIAPIDMARC ,B.FSAPDESCRI NOMBREMODELO, B.FIAPANIO,C.FNVERSIDV, C.FDAPPRECIO, C.FDAPPRECIL, C.FSAPDESCRI NOMBREVERSION, D.FSAPTRANSM,E.FSAPATRIB1,E.FSAPATRIB2,E.FSAPATRIB3,E.FSAPATRIB4,E.FSAPATRIB5, E.FSAPATRIB6,E.FSAPRUTVID,E.FSAPRUT360, E.FSAPRUTFTE, F.FSAPRUTMIN, F.FSAPRUTVEH, F.FSAPDESCRI NOMBRECOLOR, F.FIDAPCOLOR  FROM PRODAPPS.APCAPMAR A
                        
                        INNER JOIN PRODAPPS.APCMODEL B
                        ON A.FIAPIDMARC = B.FIAPIDMARC
                        AND B.FIAPSTATUS = 1

                        INNER JOIN PRODAPPS.APCVERSI C
                        ON B.FNMODEIDM = C.FNMODEIDM
                        AND B.FIAPIDMARC = C.FIAPIDMARC
                        AND B.FIAPANIO = C.FIAPANIO
                        AND C.FIAPSTATUS = 1

                        INNER JOIN PRODAPPS.APCTRANS D
                        ON C.FNVERSIDV =  D.FNVERSIDV
                        AND D.FIAPSTATUS = 1

                        INNER JOIN PRODAPPS.APDDETVE E
                        ON D.FNVERSIDV = E.FNVERSIDV
                        AND E.FIAPSTATUS = 1

                        INNER JOIN PRODAPPS.APCCOLOR F
                        ON E.FNVERSIDV = F.FNVERSIDV
                        AND F.FIAPSTATUS= 1

                        WHERE B.FIAPIDMARC= 41  ORDER BY  CASE B.FNMODEIDM
                                             WHEN '131' THEN 1
                                             WHEN '1344' THEN 2
                                             WHEN '141' THEN 3
                                             WHEN '2' THEN 4
                                             WHEN '1236' THEN 5
                                             WHEN '1454' THEN 6
                                             END, C.FDAPPRECIO ASC

11:21:48.47   CurrentProcessId: 6464	JobName:748616/QUSER/QZDASOINIT     
 
SELECT  FNVERSIDV VERSION, FNMODEIDM IDMODELO, FIAPIDMARC MARCA FROM PRODAPPS.APCVERMX WHERE FIAPIDMARC = 41 AND FNVERSIDV = 37199  AND FIAPSTATUS= 1

11:21:48.79   CurrentProcessId: 6464	JobName:746600/QUSER/QZDASOINIT     
 
SELECT  FNVERSIDV VERSION, FNMODEIDM IDMODELO, FIAPIDMARC MARCA FROM PRODAPPS.APCVERMX WHERE FIAPIDMARC = 41 AND FNVERSIDV = 37290  AND FIAPSTATUS= 1

11:21:49.09   CurrentProcessId: 6464	JobName:749027/QUSER/QZDASOINIT     
 
SELECT  FNVERSIDV VERSION, FNMODEIDM IDMODELO, FIAPIDMARC MARCA FROM PRODAPPS.APCVERMX WHERE FIAPIDMARC = 41 AND FNVERSIDV = 37180  AND FIAPSTATUS= 1

11:21:49.43   CurrentProcessId: 6464	JobName:748616/QUSER/QZDASOINIT     
 
SELECT  FNVERSIDV VERSION, FNMODEIDM IDMODELO, FIAPIDMARC MARCA FROM PRODAPPS.APCVERMX WHERE FIAPIDMARC = 41 AND FNVERSIDV = 37292  AND FIAPSTATUS= 1

11:21:52.04   CurrentProcessId: 6464	JobName:748616/QUSER/QZDASOINIT     
 
SELECT  FNVERSIDV VERSION, FNMODEIDM IDMODELO, FIAPIDMARC MARCA FROM PRODAPPS.APCVERMX WHERE FIAPIDMARC = 41 AND FNVERSIDV = 37181  AND FIAPSTATUS= 1

11:21:52.36   CurrentProcessId: 6464	JobName:747161/QUSER/QZDASOINIT     
 
SELECT  FNVERSIDV VERSION, FNMODEIDM IDMODELO, FIAPIDMARC MARCA FROM PRODAPPS.APCVERMX WHERE FIAPIDMARC = 41 AND FNVERSIDV = 37192  AND FIAPSTATUS= 1

11:21:52.66   CurrentProcessId: 6464	JobName:749030/QUSER/QZDASOINIT     
 
SELECT  FNVERSIDV VERSION, FNMODEIDM IDMODELO, FIAPIDMARC MARCA FROM PRODAPPS.APCVERMX WHERE FIAPIDMARC = 41 AND FNVERSIDV = 37237  AND FIAPSTATUS= 1

11:21:52.98   CurrentProcessId: 6464	JobName:749030/QUSER/QZDASOINIT     
 
SELECT  FNVERSIDV VERSION, FNMODEIDM IDMODELO, FIAPIDMARC MARCA FROM PRODAPPS.APCVERMX WHERE FIAPIDMARC = 41 AND FNVERSIDV = 37179  AND FIAPSTATUS= 1

11:21:53.32   CurrentProcessId: 6464	JobName:746316/QUSER/QZDASOINIT     
 
SELECT  FNVERSIDV VERSION, FNMODEIDM IDMODELO, FIAPIDMARC MARCA FROM PRODAPPS.APCVERMX WHERE FIAPIDMARC = 41 AND FNVERSIDV = 37178  AND FIAPSTATUS= 1

11:21:53.64   CurrentProcessId: 6464	JobName:748397/QUSER/QZDASOINIT     
 
SELECT  FNVERSIDV VERSION, FNMODEIDM IDMODELO, FIAPIDMARC MARCA FROM PRODAPPS.APCVERMX WHERE FIAPIDMARC = 41 AND FNVERSIDV = 37720  AND FIAPSTATUS= 1

11:21:53.94   CurrentProcessId: 6464	JobName:746181/QUSER/QZDASOINIT     
 
SELECT  FNVERSIDV VERSION, FNMODEIDM IDMODELO, FIAPIDMARC MARCA FROM PRODAPPS.APCVERMX WHERE FIAPIDMARC = 41 AND FNVERSIDV = 37692  AND FIAPSTATUS= 1

11:21:54.25   CurrentProcessId: 6464	JobName:746316/QUSER/QZDASOINIT     
 
SELECT  FNVERSIDV VERSION, FNMODEIDM IDMODELO, FIAPIDMARC MARCA FROM PRODAPPS.APCVERMX WHERE FIAPIDMARC = 41 AND FNVERSIDV = 2  AND FIAPSTATUS= 1

11:21:54.57   CurrentProcessId: 6464	JobName:746181/QUSER/QZDASOINIT     
 
SELECT  FNVERSIDV VERSION, FNMODEIDM IDMODELO, FIAPIDMARC MARCA FROM PRODAPPS.APCVERMX WHERE FIAPIDMARC = 41 AND FNVERSIDV = 37238  AND FIAPSTATUS= 1

11:21:54.88   CurrentProcessId: 6464	JobName:746518/QUSER/QZDASOINIT     
 
SELECT  FNVERSIDV VERSION, FNMODEIDM IDMODELO, FIAPIDMARC MARCA FROM PRODAPPS.APCVERMX WHERE FIAPIDMARC = 41 AND FNVERSIDV = 37239  AND FIAPSTATUS= 1

11:21:55.18   CurrentProcessId: 6464	JobName:746518/QUSER/QZDASOINIT     
 
SELECT  FNVERSIDV VERSION, FNMODEIDM IDMODELO, FIAPIDMARC MARCA FROM PRODAPPS.APCVERMX WHERE FIAPIDMARC = 41 AND FNVERSIDV = 37301  AND FIAPSTATUS= 1

11:21:55.50   CurrentProcessId: 6464	JobName:749030/QUSER/QZDASOINIT     
 
SELECT  FNVERSIDV VERSION, FNMODEIDM IDMODELO, FIAPIDMARC MARCA FROM PRODAPPS.APCVERMX WHERE FIAPIDMARC = 41 AND FNVERSIDV = 37023  AND FIAPSTATUS= 1

11:21:55.95   CurrentProcessId: 6464	JobName:748713/QUSER/QZDASOINIT     
 
SELECT  FNVERSIDV VERSION, FNMODEIDM IDMODELO, FIAPIDMARC MARCA FROM PRODAPPS.APCVERMX WHERE FIAPIDMARC = 41 AND FNVERSIDV = 37086  AND FIAPSTATUS= 1

11:21:56.27   CurrentProcessId: 6464	JobName:748713/QUSER/QZDASOINIT     
 
SELECT  FNVERSIDV VERSION, FNMODEIDM IDMODELO, FIAPIDMARC MARCA FROM PRODAPPS.APCVERMX WHERE FIAPIDMARC = 41 AND FNVERSIDV = 37020  AND FIAPSTATUS= 1

11:22:36.71   CurrentProcessId: 6464
 
new DB2(DB2, 192.192.192.2, , )

11:22:36.91   CurrentProcessId: 6464	JobName:748940/QUSER/QZDASOINIT     
 
SELECT  B.FNMODEIDM,  B.FIAPIDMARC ,B.FSAPDESCRI NOMBREMODELO, B.FIAPANIO,C.FNVERSIDV, C.FDAPPRECIO, C.FDAPPRECIL, C.FSAPDESCRI NOMBREVERSION, D.FSAPTRANSM,E.FSAPATRIB1,E.FSAPATRIB2,E.FSAPATRIB3,E.FSAPATRIB4,E.FSAPATRIB5, E.FSAPATRIB6,E.FSAPRUTVID,E.FSAPRUT360, E.FSAPRUTFTE, F.FSAPRUTMIN, F.FSAPRUTVEH, F.FSAPDESCRI NOMBRECOLOR, F.FIDAPCOLOR  FROM PRODAPPS.APCAPMAR A
                        
                        INNER JOIN PRODAPPS.APCMODEL B
                        ON A.FIAPIDMARC = B.FIAPIDMARC
                        AND B.FIAPSTATUS = 1

                        INNER JOIN PRODAPPS.APCVERSI C
                        ON B.FNMODEIDM = C.FNMODEIDM
                        AND B.FIAPIDMARC = C.FIAPIDMARC
                        AND B.FIAPANIO = C.FIAPANIO
                        AND C.FIAPSTATUS = 1

                        INNER JOIN PRODAPPS.APCTRANS D
                        ON C.FNVERSIDV =  D.FNVERSIDV
                        AND D.FIAPSTATUS = 1

                        INNER JOIN PRODAPPS.APDDETVE E
                        ON D.FNVERSIDV = E.FNVERSIDV
                        AND E.FIAPSTATUS = 1

                        INNER JOIN PRODAPPS.APCCOLOR F
                        ON E.FNVERSIDV = F.FNVERSIDV
                        AND F.FIAPSTATUS= 1

                        WHERE B.FIAPIDMARC= 0 ORDER BY  CASE B.FNMODEIDM
                                            WHEN '1' THEN 1
                                            WHEN '1628' THEN 2
                                            WHEN '1236' THEN 3
                                            END, C.FDAPPRECIO ASC 

11:22:37.34   CurrentProcessId: 6464	JobName:746447/QUSER/QZDASOINIT     
 
SELECT  FNVERSIDV VERSION, FNMODEIDM IDMODELO, FIAPIDMARC MARCA FROM PRODAPPS.APCVERMX WHERE FIAPIDMARC = 0 AND FNVERSIDV = 1  AND FIAPSTATUS= 1

11:22:37.65   CurrentProcessId: 6464	JobName:748291/QUSER/QZDASOINIT     
 
SELECT  FNVERSIDV VERSION, FNMODEIDM IDMODELO, FIAPIDMARC MARCA FROM PRODAPPS.APCVERMX WHERE FIAPIDMARC = 0 AND FNVERSIDV = 37789  AND FIAPSTATUS= 1

11:22:38.61   CurrentProcessId: 6464	JobName:748291/QUSER/QZDASOINIT     
 
SELECT  FNVERSIDV VERSION, FNMODEIDM IDMODELO, FIAPIDMARC MARCA FROM PRODAPPS.APCVERMX WHERE FIAPIDMARC = 0 AND FNVERSIDV = 37487  AND FIAPSTATUS= 1

